[INFO] Scanning for projects...
[INFO] 
[INFO] -------------------< com.example:found-item-service >-------------------
[INFO] Building found-item-service 0.0.1-SNAPSHOT
[INFO]   from pom.xml
[INFO] --------------------------------[ jar ]---------------------------------
[INFO] 
[INFO] >>> spring-boot:4.1.0:run (default-cli) > test-compile @ found-item-service >>>
[INFO] 
[INFO] --- resources:3.5.0:resources (default-resources) @ found-item-service ---
[INFO] Copying 1 resource from src/main/resources to target/classes
[INFO] Copying 0 resource from src/main/resources to target/classes
[INFO] 
[INFO] --- compiler:3.15.0:compile (default-compile) @ found-item-service ---
[INFO] Nothing to compile - all classes are up to date.
[INFO] 
[INFO] --- resources:3.5.0:testResources (default-testResources) @ found-item-service ---
[INFO] skip non existing resourceDirectory /home/kavy/Documents/CampusTrace/found-item-service/src/test/resources
[INFO] 
[INFO] --- compiler:3.15.0:testCompile (default-testCompile) @ found-item-service ---
[INFO] Nothing to compile - all classes are up to date.
[INFO] 
[INFO] <<< spring-boot:4.1.0:run (default-cli) < test-compile @ found-item-service <<<
[INFO] 
[INFO] 
[INFO] --- spring-boot:4.1.0:run (default-cli) @ found-item-service ---
[INFO] Attaching agents: []

  .   ____          _            __ _ _
 /\\ / ___'_ __ _ _(_)_ __  __ _ \ \ \ \
( ( )\___ | '_ | '_| | '_ \/ _` | \ \ \ \
 \\/  ___)| |_)| | | | | || (_| |  ) ) ) )
  '  |____| .__|_| |_|_| |_\__, | / / / /
 =========|_|==============|___/=/_/_/_/

 :: Spring Boot ::                (v4.1.0)

2026-07-10T12:49:36.170+05:30  INFO 113180 --- [found-item-service] [           main] c.e.f.FoundItemServiceApplication        : Starting FoundItemServiceApplication using Java 17.0.19 with PID 113180 (/home/kavy/Documents/CampusTrace/found-item-service/target/classes started by kavy in /home/kavy/Documents/CampusTrace/found-item-service)
2026-07-10T12:49:36.176+05:30  INFO 113180 --- [found-item-service] [           main] c.e.f.FoundItemServiceApplication        : No active profile set, falling back to 1 default profile: "default"
2026-07-10T12:49:37.371+05:30  INFO 113180 --- [found-item-service] [           main] .s.d.r.c.RepositoryConfigurationDelegate : Bootstrapping Spring Data JPA repositories in DEFAULT mode.
2026-07-10T12:49:37.556+05:30  INFO 113180 --- [found-item-service] [           main] .s.d.r.c.RepositoryConfigurationDelegate : Finished Spring Data repository scanning in 174 ms. Found 1 JPA repository interface.
2026-07-10T12:49:38.051+05:30  INFO 113180 --- [found-item-service] [           main] o.s.cloud.context.scope.GenericScope     : BeanFactory id=d86a6a64-6de0-35a1-852e-a8625e832e7a
2026-07-10T12:49:38.779+05:30  INFO 113180 --- [found-item-service] [           main] o.s.boot.tomcat.TomcatWebServer          : Tomcat initialized with port 8083 (http)
2026-07-10T12:49:38.794+05:30  INFO 113180 --- [found-item-service] [           main] o.apache.catalina.core.StandardService   : Starting service [Tomcat]
2026-07-10T12:49:38.794+05:30  INFO 113180 --- [found-item-service] [           main] o.apache.catalina.core.StandardEngine    : Starting Servlet engine: [Apache Tomcat/11.0.22]
2026-07-10T12:49:38.840+05:30  INFO 113180 --- [found-item-service] [           main] b.w.c.s.WebApplicationContextInitializer : Root WebApplicationContext: initialization completed in 2576 ms
2026-07-10T12:49:39.254+05:30  INFO 113180 --- [found-item-service] [           main] org.hibernate.orm.jpa                    : HHH008540: Processing PersistenceUnitInfo [name: default]
2026-07-10T12:49:39.303+05:30  INFO 113180 --- [found-item-service] [           main] org.hibernate.orm.core                   : HHH000001: Hibernate ORM core version 7.4.1.Final
2026-07-10T12:49:39.653+05:30  INFO 113180 --- [found-item-service] [           main] o.s.o.j.p.SpringPersistenceUnitInfo      : No LoadTimeWeaver setup: ignoring JPA class transformer
2026-07-10T12:49:39.680+05:30  INFO 113180 --- [found-item-service] [           main] com.zaxxer.hikari.HikariDataSource       : HikariPool-1 - Starting...
2026-07-10T12:49:39.826+05:30  INFO 113180 --- [found-item-service] [           main] com.zaxxer.hikari.pool.HikariPool        : HikariPool-1 - Added connection conn0: url=jdbc:h2:mem:founditemdb user=SA
2026-07-10T12:49:39.827+05:30  INFO 113180 --- [found-item-service] [           main] com.zaxxer.hikari.HikariDataSource       : HikariPool-1 - Start completed.
2026-07-10T12:49:39.846+05:30  WARN 113180 --- [found-item-service] [           main] org.hibernate.orm.deprecation            : HHH90000025: H2Dialect does not need to be specified explicitly using 'hibernate.dialect' (remove the property setting and it will be selected by default)
2026-07-10T12:49:39.864+05:30  INFO 113180 --- [found-item-service] [           main] org.hibernate.orm.connections.pooling    : HHH10001005: Database info:
	Database JDBC URL [jdbc:h2:mem:founditemdb]
	Database driver: H2 JDBC Driver
	Database dialect: H2Dialect
	Database version: 2.4.240
	Default catalog/schema: FOUNDITEMDB/PUBLIC
	Autocommit mode: undefined/unknown
	Isolation level: READ_COMMITTED [default READ_COMMITTED]
	JDBC fetch size: 100
	Pool: DataSourceConnectionProvider
	Minimum pool size: undefined/unknown
	Maximum pool size: undefined/unknown
2026-07-10T12:49:40.695+05:30  INFO 113180 --- [found-item-service] [           main] org.hibernate.orm.core                   : HHH000489: No JTA platform available (set 'hibernate.transaction.jta.platform' to enable JTA platform integration)
Hibernate: create table found_items (id bigint generated by default as identity, category varchar(255), claimed boolean not null, contact_info varchar(255), created_at timestamp(6) not null, date_found date, description varchar(500), found_by varchar(255) not null, image_url varchar(255), item_name varchar(255) not null, location_found varchar(255), status varchar(255) not null, primary key (id))
2026-07-10T12:49:40.753+05:30  INFO 113180 --- [found-item-service] [           main] j.LocalContainerEntityManagerFactoryBean : Initialized JPA EntityManagerFactory for persistence unit 'default'
2026-07-10T12:49:40.986+05:30  INFO 113180 --- [found-item-service] [           main] o.s.d.j.r.query.QueryEnhancerFactories   : Hibernate is in classpath; If applicable, HQL parser will be used.
2026-07-10T12:49:41.955+05:30  WARN 113180 --- [found-item-service] [           main] JpaBaseConfiguration$JpaWebConfiguration : spring.jpa.open-in-view is enabled by default. Therefore, database queries may be performed during view rendering. Explicitly configure spring.jpa.open-in-view to disable this warning
2026-07-10T12:49:42.128+05:30  WARN 113180 --- [found-item-service] [           main] .s.a.UserDetailsServiceAutoConfiguration : 

Using generated security password: efd3ad3d-ed68-4201-b91f-a05a38dad9be

This generated password is for development use only. Your security configuration must be updated before running your application in production.

2026-07-10T12:49:42.136+05:30  INFO 113180 --- [found-item-service] [           main] r$InitializeUserDetailsManagerConfigurer : Global AuthenticationManager configured with UserDetailsService bean with name inMemoryUserDetailsManager
2026-07-10T12:49:43.138+05:30  INFO 113180 --- [found-item-service] [           main] DiscoveryClientOptionalArgsConfiguration : Eureka HTTP Client uses RestClient.
2026-07-10T12:49:43.188+05:30  WARN 113180 --- [found-item-service] [           main] iguration$LoadBalancerCaffeineWarnLogger : Spring Cloud LoadBalancer is currently working with the default cache. While this cache implementation is useful for development and tests, it's recommended to use Caffeine cache in production.You can switch to using Caffeine cache, by adding it and org.springframework.cache.caffeine.CaffeineCacheManager to the classpath.
2026-07-10T12:49:43.194+05:30  INFO 113180 --- [found-item-service] [           main] o.s.b.a.e.web.EndpointLinksResolver      : Exposing 3 endpoints beneath base path '/actuator'
2026-07-10T12:49:43.260+05:30  INFO 113180 --- [found-item-service] [           main] o.s.c.n.eureka.InstanceInfoFactory       : Setting initial instance status as: STARTING
2026-07-10T12:49:43.278+05:30  INFO 113180 --- [found-item-service] [           main] com.netflix.discovery.DiscoveryClient    : Initializing Eureka in region us-east-1
2026-07-10T12:49:43.280+05:30  INFO 113180 --- [found-item-service] [           main] c.n.d.s.r.aws.ConfigClusterResolver      : Resolving eureka endpoints via configuration
2026-07-10T12:49:43.286+05:30  INFO 113180 --- [found-item-service] [           main] com.netflix.discovery.DiscoveryClient    : Disable delta property : false
2026-07-10T12:49:43.286+05:30  INFO 113180 --- [found-item-service] [           main] com.netflix.discovery.DiscoveryClient    : Single vip registry refresh property : null
2026-07-10T12:49:43.286+05:30  INFO 113180 --- [found-item-service] [           main] com.netflix.discovery.DiscoveryClient    : Force full registry fetch : false
2026-07-10T12:49:43.286+05:30  INFO 113180 --- [found-item-service] [           main] com.netflix.discovery.DiscoveryClient    : Application is null : false
2026-07-10T12:49:43.287+05:30  INFO 113180 --- [found-item-service] [           main] com.netflix.discovery.DiscoveryClient    : Registered Applications size is zero : true
2026-07-10T12:49:43.287+05:30  INFO 113180 --- [found-item-service] [           main] com.netflix.discovery.DiscoveryClient    : Application version is -1: true
2026-07-10T12:49:43.287+05:30  INFO 113180 --- [found-item-service] [           main] com.netflix.discovery.DiscoveryClient    : Getting all instance registry info from the eureka server
2026-07-10T12:49:43.543+05:30  INFO 113180 --- [found-item-service] [           main] com.netflix.discovery.DiscoveryClient    : The response status is 200
2026-07-10T12:49:43.545+05:30  INFO 113180 --- [found-item-service] [           main] com.netflix.discovery.DiscoveryClient    : Starting heartbeat executor: renew interval is: 30
2026-07-10T12:49:43.546+05:30  INFO 113180 --- [found-item-service] [           main] c.n.discovery.InstanceInfoReplicator     : InstanceInfoReplicator onDemand update allowed rate per min is 4
2026-07-10T12:49:43.547+05:30  INFO 113180 --- [found-item-service] [           main] com.netflix.discovery.DiscoveryClient    : Discovery Client initialized at timestamp 1783667983547 with initial instances count: 0
2026-07-10T12:49:43.553+05:30  INFO 113180 --- [found-item-service] [           main] o.s.c.n.e.s.EurekaServiceRegistry        : Registering application FOUND-ITEM-SERVICE with eureka with status UP
2026-07-10T12:49:43.553+05:30  INFO 113180 --- [found-item-service] [           main] com.netflix.discovery.DiscoveryClient    : Saw local status change event StatusChangeEvent [timestamp=1783667983553, current=UP, previous=STARTING]
2026-07-10T12:49:43.554+05:30  INFO 113180 --- [found-item-service] [foReplicator-%d] com.netflix.discovery.DiscoveryClient    : DiscoveryClient_FOUND-ITEM-SERVICE/10.35.42.174:found-item-service:8083: registering service...
2026-07-10T12:49:43.563+05:30  INFO 113180 --- [found-item-service] [           main] o.s.boot.tomcat.TomcatWebServer          : Tomcat started on port 8083 (http) with context path '/'
2026-07-10T12:49:43.564+05:30  INFO 113180 --- [found-item-service] [           main] .s.c.n.e.s.EurekaAutoServiceRegistration : Updating port to 8083
2026-07-10T12:49:43.580+05:30  INFO 113180 --- [found-item-service] [foReplicator-%d] com.netflix.discovery.DiscoveryClient    : DiscoveryClient_FOUND-ITEM-SERVICE/10.35.42.174:found-item-service:8083 - registration status: 204
2026-07-10T12:49:43.583+05:30  INFO 113180 --- [found-item-service] [           main] c.e.f.FoundItemServiceApplication        : Started FoundItemServiceApplication in 8.052 seconds (process running for 8.687)
2026-07-10T12:50:13.545+05:30  INFO 113180 --- [found-item-service] [reshExecutor-%d] com.netflix.discovery.DiscoveryClient    : Disable delta property : false
2026-07-10T12:50:13.550+05:30  INFO 113180 --- [found-item-service] [reshExecutor-%d] com.netflix.discovery.DiscoveryClient    : Single vip registry refresh property : null
2026-07-10T12:50:13.550+05:30  INFO 113180 --- [found-item-service] [reshExecutor-%d] com.netflix.discovery.DiscoveryClient    : Force full registry fetch : false
2026-07-10T12:50:13.550+05:30  INFO 113180 --- [found-item-service] [reshExecutor-%d] com.netflix.discovery.DiscoveryClient    : Application is null : false
2026-07-10T12:50:13.550+05:30  INFO 113180 --- [found-item-service] [reshExecutor-%d] com.netflix.discovery.DiscoveryClient    : Registered Applications size is zero : true
2026-07-10T12:50:13.551+05:30  INFO 113180 --- [found-item-service] [reshExecutor-%d] com.netflix.discovery.DiscoveryClient    : Application version is -1: false
2026-07-10T12:50:13.551+05:30  INFO 113180 --- [found-item-service] [reshExecutor-%d] com.netflix.discovery.DiscoveryClient    : Getting all instance registry info from the eureka server
2026-07-10T12:50:13.567+05:30  INFO 113180 --- [found-item-service] [reshExecutor-%d] com.netflix.discovery.DiscoveryClient    : The response status is 200
2026-07-10T12:53:06.813+05:30  INFO 113180 --- [found-item-service] [nio-8083-exec-1] o.a.c.c.C.[Tomcat].[localhost].[/]       : Initializing Spring DispatcherServlet 'dispatcherServlet'
2026-07-10T12:53:06.813+05:30  INFO 113180 --- [found-item-service] [nio-8083-exec-1] o.s.web.servlet.DispatcherServlet        : Initializing Servlet 'dispatcherServlet'
2026-07-10T12:53:06.815+05:30  INFO 113180 --- [found-item-service] [nio-8083-exec-1] o.s.web.servlet.DispatcherServlet        : Completed initialization in 2 ms
2026-07-10T12:53:06.940+05:30  INFO 113180 --- [found-item-service] [nio-8083-exec-1] c.e.founditemservice.aop.LoggingAspect   : API Called: com.example.founditemservice.controller.FoundItemController.getAllFoundItems()
Hibernate: select fi1_0.id,fi1_0.category,fi1_0.claimed,fi1_0.contact_info,fi1_0.created_at,fi1_0.date_found,fi1_0.description,fi1_0.found_by,fi1_0.image_url,fi1_0.item_name,fi1_0.location_found,fi1_0.status from found_items fi1_0
2026-07-10T12:53:07.016+05:30  INFO 113180 --- [found-item-service] [nio-8083-exec-1] c.e.founditemservice.aop.LoggingAspect   : Method com.example.founditemservice.service.FoundItemService.getAllFoundItems() executed in 76 ms
2026-07-10T12:53:07.016+05:30  INFO 113180 --- [found-item-service] [nio-8083-exec-1] c.e.founditemservice.aop.LoggingAspect   : Method com.example.founditemservice.controller.FoundItemController.getAllFoundItems() executed in 77 ms
2026-07-10T12:53:14.694+05:30  INFO 113180 --- [found-item-service] [nio-8083-exec-2] c.e.founditemservice.aop.LoggingAspect   : API Called: com.example.founditemservice.controller.FoundItemController.getAllFoundItems()
Hibernate: select fi1_0.id,fi1_0.category,fi1_0.claimed,fi1_0.contact_info,fi1_0.created_at,fi1_0.date_found,fi1_0.description,fi1_0.found_by,fi1_0.image_url,fi1_0.item_name,fi1_0.location_found,fi1_0.status from found_items fi1_0
2026-07-10T12:53:14.698+05:30  INFO 113180 --- [found-item-service] [nio-8083-exec-2] c.e.founditemservice.aop.LoggingAspect   : Method com.example.founditemservice.service.FoundItemService.getAllFoundItems() executed in 3 ms
2026-07-10T12:53:14.698+05:30  INFO 113180 --- [found-item-service] [nio-8083-exec-2] c.e.founditemservice.aop.LoggingAspect   : Method com.example.founditemservice.controller.FoundItemController.getAllFoundItems() executed in 4 ms
2026-07-10T12:54:00.243+05:30  INFO 113180 --- [found-item-service] [nio-8083-exec-3] c.e.founditemservice.aop.LoggingAspect   : API Called: com.example.founditemservice.controller.FoundItemController.getAllFoundItems()
Hibernate: select fi1_0.id,fi1_0.category,fi1_0.claimed,fi1_0.contact_info,fi1_0.created_at,fi1_0.date_found,fi1_0.description,fi1_0.found_by,fi1_0.image_url,fi1_0.item_name,fi1_0.location_found,fi1_0.status from found_items fi1_0
2026-07-10T12:54:00.248+05:30  INFO 113180 --- [found-item-service] [nio-8083-exec-3] c.e.founditemservice.aop.LoggingAspect   : Method com.example.founditemservice.service.FoundItemService.getAllFoundItems() executed in 3 ms
2026-07-10T12:54:00.248+05:30  INFO 113180 --- [found-item-service] [nio-8083-exec-3] c.e.founditemservice.aop.LoggingAspect   : Method com.example.founditemservice.controller.FoundItemController.getAllFoundItems() executed in 5 ms
2026-07-10T12:54:43.288+05:30  INFO 113180 --- [found-item-service] [rap-executor-%d] c.n.d.s.r.aws.ConfigClusterResolver      : Resolving eureka endpoints via configuration
2026-07-10T13:36:16.849+05:30  INFO 113180 --- [found-item-service] [rap-executor-%d] c.n.d.s.r.aws.ConfigClusterResolver      : Resolving eureka endpoints via configuration
2026-07-10T13:38:02.562+05:30  INFO 113180 --- [found-item-service] [nio-8083-exec-5] c.e.founditemservice.aop.LoggingAspect   : API Called: com.example.founditemservice.controller.FoundItemController.getAllFoundItems()
Hibernate: select fi1_0.id,fi1_0.category,fi1_0.claimed,fi1_0.contact_info,fi1_0.created_at,fi1_0.date_found,fi1_0.description,fi1_0.found_by,fi1_0.image_url,fi1_0.item_name,fi1_0.location_found,fi1_0.status from found_items fi1_0
2026-07-10T13:38:02.565+05:30  INFO 113180 --- [found-item-service] [nio-8083-exec-5] c.e.founditemservice.aop.LoggingAspect   : Method com.example.founditemservice.service.FoundItemService.getAllFoundItems() executed in 3 ms
2026-07-10T13:38:02.565+05:30  INFO 113180 --- [found-item-service] [nio-8083-exec-5] c.e.founditemservice.aop.LoggingAspect   : Method com.example.founditemservice.controller.FoundItemController.getAllFoundItems() executed in 3 ms
2026-07-10T13:38:05.650+05:30  INFO 113180 --- [found-item-service] [nio-8083-exec-6] c.e.founditemservice.aop.LoggingAspect   : API Called: com.example.founditemservice.controller.FoundItemController.getAllFoundItems()
Hibernate: select fi1_0.id,fi1_0.category,fi1_0.claimed,fi1_0.contact_info,fi1_0.created_at,fi1_0.date_found,fi1_0.description,fi1_0.found_by,fi1_0.image_url,fi1_0.item_name,fi1_0.location_found,fi1_0.status from found_items fi1_0
2026-07-10T13:38:05.653+05:30  INFO 113180 --- [found-item-service] [nio-8083-exec-6] c.e.founditemservice.aop.LoggingAspect   : Method com.example.founditemservice.service.FoundItemService.getAllFoundItems() executed in 2 ms
2026-07-10T13:38:05.653+05:30  INFO 113180 --- [found-item-service] [nio-8083-exec-6] c.e.founditemservice.aop.LoggingAspect   : Method com.example.founditemservice.controller.FoundItemController.getAllFoundItems() executed in 3 ms
2026-07-10T13:38:36.819+05:30  INFO 113180 --- [found-item-service] [nio-8083-exec-7] c.e.founditemservice.aop.LoggingAspect   : API Called: com.example.founditemservice.controller.FoundItemController.getAllFoundItems()
Hibernate: select fi1_0.id,fi1_0.category,fi1_0.claimed,fi1_0.contact_info,fi1_0.created_at,fi1_0.date_found,fi1_0.description,fi1_0.found_by,fi1_0.image_url,fi1_0.item_name,fi1_0.location_found,fi1_0.status from found_items fi1_0
2026-07-10T13:38:36.823+05:30  INFO 113180 --- [found-item-service] [nio-8083-exec-7] c.e.founditemservice.aop.LoggingAspect   : Method com.example.founditemservice.service.FoundItemService.getAllFoundItems() executed in 4 ms
2026-07-10T13:38:36.823+05:30  INFO 113180 --- [found-item-service] [nio-8083-exec-7] c.e.founditemservice.aop.LoggingAspect   : Method com.example.founditemservice.controller.FoundItemController.getAllFoundItems() executed in 4 ms
2026-07-10T13:38:41.329+05:30  INFO 113180 --- [found-item-service] [nio-8083-exec-8] c.e.founditemservice.aop.LoggingAspect   : API Called: com.example.founditemservice.controller.FoundItemController.getAllFoundItems()
Hibernate: select fi1_0.id,fi1_0.category,fi1_0.claimed,fi1_0.contact_info,fi1_0.created_at,fi1_0.date_found,fi1_0.description,fi1_0.found_by,fi1_0.image_url,fi1_0.item_name,fi1_0.location_found,fi1_0.status from found_items fi1_0
2026-07-10T13:38:41.333+05:30  INFO 113180 --- [found-item-service] [nio-8083-exec-8] c.e.founditemservice.aop.LoggingAspect   : Method com.example.founditemservice.service.FoundItemService.getAllFoundItems() executed in 4 ms
2026-07-10T13:38:41.333+05:30  INFO 113180 --- [found-item-service] [nio-8083-exec-8] c.e.founditemservice.aop.LoggingAspect   : Method com.example.founditemservice.controller.FoundItemController.getAllFoundItems() executed in 4 ms
2026-07-10T13:41:16.849+05:30  INFO 113180 --- [found-item-service] [rap-executor-%d] c.n.d.s.r.aws.ConfigClusterResolver      : Resolving eureka endpoints via configuration
2026-07-10T13:46:16.850+05:30  INFO 113180 --- [found-item-service] [rap-executor-%d] c.n.d.s.r.aws.ConfigClusterResolver      : Resolving eureka endpoints via configuration
