[INFO] Scanning for projects...
[INFO] 
[INFO] -------------------< com.example:lost-item-service >--------------------
[INFO] Building lost-item-service 0.0.1-SNAPSHOT
[INFO]   from pom.xml
[INFO] --------------------------------[ jar ]---------------------------------
[INFO] 
[INFO] >>> spring-boot:4.1.0:run (default-cli) > test-compile @ lost-item-service >>>
[INFO] 
[INFO] --- resources:3.5.0:resources (default-resources) @ lost-item-service ---
[INFO] Copying 1 resource from src/main/resources to target/classes
[INFO] Copying 0 resource from src/main/resources to target/classes
[INFO] 
[INFO] --- compiler:3.15.0:compile (default-compile) @ lost-item-service ---
[INFO] Nothing to compile - all classes are up to date.
[INFO] 
[INFO] --- resources:3.5.0:testResources (default-testResources) @ lost-item-service ---
[INFO] skip non existing resourceDirectory /home/kavy/Documents/CampusTrace/lost-item-service/src/test/resources
[INFO] 
[INFO] --- compiler:3.15.0:testCompile (default-testCompile) @ lost-item-service ---
[INFO] Nothing to compile - all classes are up to date.
[INFO] 
[INFO] <<< spring-boot:4.1.0:run (default-cli) < test-compile @ lost-item-service <<<
[INFO] 
[INFO] 
[INFO] --- spring-boot:4.1.0:run (default-cli) @ lost-item-service ---
[INFO] Attaching agents: []

  .   ____          _            __ _ _
 /\\ / ___'_ __ _ _(_)_ __  __ _ \ \ \ \
( ( )\___ | '_ | '_| | '_ \/ _` | \ \ \ \
 \\/  ___)| |_)| | | | | || (_| |  ) ) ) )
  '  |____| .__|_| |_|_| |_\__, | / / / /
 =========|_|==============|___/=/_/_/_/

 :: Spring Boot ::                (v4.1.0)

2026-07-10T12:49:35.851+05:30  INFO 113148 --- [lost-item-service] [           main] c.e.l.LostItemServiceApplication         : Starting LostItemServiceApplication using Java 17.0.19 with PID 113148 (/home/kavy/Documents/CampusTrace/lost-item-service/target/classes started by kavy in /home/kavy/Documents/CampusTrace/lost-item-service)
2026-07-10T12:49:35.856+05:30  INFO 113148 --- [lost-item-service] [           main] c.e.l.LostItemServiceApplication         : No active profile set, falling back to 1 default profile: "default"
2026-07-10T12:49:37.281+05:30  INFO 113148 --- [lost-item-service] [           main] .s.d.r.c.RepositoryConfigurationDelegate : Bootstrapping Spring Data JPA repositories in DEFAULT mode.
2026-07-10T12:49:37.463+05:30  INFO 113148 --- [lost-item-service] [           main] .s.d.r.c.RepositoryConfigurationDelegate : Finished Spring Data repository scanning in 172 ms. Found 1 JPA repository interface.
2026-07-10T12:49:37.943+05:30  INFO 113148 --- [lost-item-service] [           main] o.s.cloud.context.scope.GenericScope     : BeanFactory id=fbff1743-ef26-32ce-bd59-a1e4c1f6503f
2026-07-10T12:49:38.670+05:30  INFO 113148 --- [lost-item-service] [           main] o.s.boot.tomcat.TomcatWebServer          : Tomcat initialized with port 8082 (http)
2026-07-10T12:49:38.683+05:30  INFO 113148 --- [lost-item-service] [           main] o.apache.catalina.core.StandardService   : Starting service [Tomcat]
2026-07-10T12:49:38.684+05:30  INFO 113148 --- [lost-item-service] [           main] o.apache.catalina.core.StandardEngine    : Starting Servlet engine: [Apache Tomcat/11.0.22]
2026-07-10T12:49:38.730+05:30  INFO 113148 --- [lost-item-service] [           main] b.w.c.s.WebApplicationContextInitializer : Root WebApplicationContext: initialization completed in 2785 ms
2026-07-10T12:49:39.112+05:30  INFO 113148 --- [lost-item-service] [           main] org.hibernate.orm.jpa                    : HHH008540: Processing PersistenceUnitInfo [name: default]
2026-07-10T12:49:39.168+05:30  INFO 113148 --- [lost-item-service] [           main] org.hibernate.orm.core                   : HHH000001: Hibernate ORM core version 7.4.1.Final
2026-07-10T12:49:39.549+05:30  INFO 113148 --- [lost-item-service] [           main] o.s.o.j.p.SpringPersistenceUnitInfo      : No LoadTimeWeaver setup: ignoring JPA class transformer
2026-07-10T12:49:39.575+05:30  INFO 113148 --- [lost-item-service] [           main] com.zaxxer.hikari.HikariDataSource       : HikariPool-1 - Starting...
2026-07-10T12:49:39.731+05:30  INFO 113148 --- [lost-item-service] [           main] com.zaxxer.hikari.pool.HikariPool        : HikariPool-1 - Added connection conn0: url=jdbc:h2:mem:lostitemdb user=SA
2026-07-10T12:49:39.733+05:30  INFO 113148 --- [lost-item-service] [           main] com.zaxxer.hikari.HikariDataSource       : HikariPool-1 - Start completed.
2026-07-10T12:49:39.754+05:30  WARN 113148 --- [lost-item-service] [           main] org.hibernate.orm.deprecation            : HHH90000025: H2Dialect does not need to be specified explicitly using 'hibernate.dialect' (remove the property setting and it will be selected by default)
2026-07-10T12:49:39.771+05:30  INFO 113148 --- [lost-item-service] [           main] org.hibernate.orm.connections.pooling    : HHH10001005: Database info:
	Database JDBC URL [jdbc:h2:mem:lostitemdb]
	Database driver: H2 JDBC Driver
	Database dialect: H2Dialect
	Database version: 2.4.240
	Default catalog/schema: LOSTITEMDB/PUBLIC
	Autocommit mode: undefined/unknown
	Isolation level: READ_COMMITTED [default READ_COMMITTED]
	JDBC fetch size: 100
	Pool: DataSourceConnectionProvider
	Minimum pool size: undefined/unknown
	Maximum pool size: undefined/unknown
2026-07-10T12:49:40.541+05:30  INFO 113148 --- [lost-item-service] [           main] org.hibernate.orm.core                   : HHH000489: No JTA platform available (set 'hibernate.transaction.jta.platform' to enable JTA platform integration)
Hibernate: create table lost_items (id bigint generated by default as identity, category varchar(255), contact_info varchar(255), created_at timestamp(6) not null, date_lost date, description varchar(500), image_url varchar(255), item_name varchar(255) not null, location varchar(255), reported_by varchar(255) not null, status varchar(255) not null, primary key (id))
2026-07-10T12:49:40.599+05:30  INFO 113148 --- [lost-item-service] [           main] j.LocalContainerEntityManagerFactoryBean : Initialized JPA EntityManagerFactory for persistence unit 'default'
2026-07-10T12:49:40.770+05:30  INFO 113148 --- [lost-item-service] [           main] o.s.d.j.r.query.QueryEnhancerFactories   : Hibernate is in classpath; If applicable, HQL parser will be used.
2026-07-10T12:49:41.785+05:30  WARN 113148 --- [lost-item-service] [           main] JpaBaseConfiguration$JpaWebConfiguration : spring.jpa.open-in-view is enabled by default. Therefore, database queries may be performed during view rendering. Explicitly configure spring.jpa.open-in-view to disable this warning
2026-07-10T12:49:41.963+05:30  WARN 113148 --- [lost-item-service] [           main] .s.a.UserDetailsServiceAutoConfiguration : 

Using generated security password: 011fa2e2-65ac-4d4f-a6c5-5af3f92cb9b2

This generated password is for development use only. Your security configuration must be updated before running your application in production.

2026-07-10T12:49:41.971+05:30  INFO 113148 --- [lost-item-service] [           main] r$InitializeUserDetailsManagerConfigurer : Global AuthenticationManager configured with UserDetailsService bean with name inMemoryUserDetailsManager
2026-07-10T12:49:42.937+05:30  INFO 113148 --- [lost-item-service] [           main] DiscoveryClientOptionalArgsConfiguration : Eureka HTTP Client uses RestClient.
2026-07-10T12:49:43.001+05:30  WARN 113148 --- [lost-item-service] [           main] iguration$LoadBalancerCaffeineWarnLogger : Spring Cloud LoadBalancer is currently working with the default cache. While this cache implementation is useful for development and tests, it's recommended to use Caffeine cache in production.You can switch to using Caffeine cache, by adding it and org.springframework.cache.caffeine.CaffeineCacheManager to the classpath.
2026-07-10T12:49:43.011+05:30  INFO 113148 --- [lost-item-service] [           main] o.s.b.a.e.web.EndpointLinksResolver      : Exposing 3 endpoints beneath base path '/actuator'
2026-07-10T12:49:43.097+05:30  INFO 113148 --- [lost-item-service] [           main] o.s.c.n.eureka.InstanceInfoFactory       : Setting initial instance status as: STARTING
2026-07-10T12:49:43.124+05:30  INFO 113148 --- [lost-item-service] [           main] com.netflix.discovery.DiscoveryClient    : Initializing Eureka in region us-east-1
2026-07-10T12:49:43.128+05:30  INFO 113148 --- [lost-item-service] [           main] c.n.d.s.r.aws.ConfigClusterResolver      : Resolving eureka endpoints via configuration
2026-07-10T12:49:43.137+05:30  INFO 113148 --- [lost-item-service] [           main] com.netflix.discovery.DiscoveryClient    : Disable delta property : false
2026-07-10T12:49:43.138+05:30  INFO 113148 --- [lost-item-service] [           main] com.netflix.discovery.DiscoveryClient    : Single vip registry refresh property : null
2026-07-10T12:49:43.138+05:30  INFO 113148 --- [lost-item-service] [           main] com.netflix.discovery.DiscoveryClient    : Force full registry fetch : false
2026-07-10T12:49:43.138+05:30  INFO 113148 --- [lost-item-service] [           main] com.netflix.discovery.DiscoveryClient    : Application is null : false
2026-07-10T12:49:43.138+05:30  INFO 113148 --- [lost-item-service] [           main] com.netflix.discovery.DiscoveryClient    : Registered Applications size is zero : true
2026-07-10T12:49:43.138+05:30  INFO 113148 --- [lost-item-service] [           main] com.netflix.discovery.DiscoveryClient    : Application version is -1: true
2026-07-10T12:49:43.138+05:30  INFO 113148 --- [lost-item-service] [           main] com.netflix.discovery.DiscoveryClient    : Getting all instance registry info from the eureka server
2026-07-10T12:49:43.413+05:30  INFO 113148 --- [lost-item-service] [           main] com.netflix.discovery.DiscoveryClient    : The response status is 200
2026-07-10T12:49:43.414+05:30  INFO 113148 --- [lost-item-service] [           main] com.netflix.discovery.DiscoveryClient    : Starting heartbeat executor: renew interval is: 30
2026-07-10T12:49:43.415+05:30  INFO 113148 --- [lost-item-service] [           main] c.n.discovery.InstanceInfoReplicator     : InstanceInfoReplicator onDemand update allowed rate per min is 4
2026-07-10T12:49:43.417+05:30  INFO 113148 --- [lost-item-service] [           main] com.netflix.discovery.DiscoveryClient    : Discovery Client initialized at timestamp 1783667983416 with initial instances count: 0
2026-07-10T12:49:43.423+05:30  INFO 113148 --- [lost-item-service] [           main] o.s.c.n.e.s.EurekaServiceRegistry        : Registering application LOST-ITEM-SERVICE with eureka with status UP
2026-07-10T12:49:43.423+05:30  INFO 113148 --- [lost-item-service] [           main] com.netflix.discovery.DiscoveryClient    : Saw local status change event StatusChangeEvent [timestamp=1783667983423, current=UP, previous=STARTING]
2026-07-10T12:49:43.425+05:30  INFO 113148 --- [lost-item-service] [foReplicator-%d] com.netflix.discovery.DiscoveryClient    : DiscoveryClient_LOST-ITEM-SERVICE/10.35.42.174:lost-item-service:8082: registering service...
2026-07-10T12:49:43.434+05:30  INFO 113148 --- [lost-item-service] [           main] o.s.boot.tomcat.TomcatWebServer          : Tomcat started on port 8082 (http) with context path '/'
2026-07-10T12:49:43.435+05:30  INFO 113148 --- [lost-item-service] [           main] .s.c.n.e.s.EurekaAutoServiceRegistration : Updating port to 8082
2026-07-10T12:49:43.448+05:30  INFO 113148 --- [lost-item-service] [           main] c.e.l.LostItemServiceApplication         : Started LostItemServiceApplication in 8.036 seconds (process running for 8.981)
2026-07-10T12:49:43.453+05:30  INFO 113148 --- [lost-item-service] [foReplicator-%d] com.netflix.discovery.DiscoveryClient    : DiscoveryClient_LOST-ITEM-SERVICE/10.35.42.174:lost-item-service:8082 - registration status: 204
2026-07-10T12:50:13.415+05:30  INFO 113148 --- [lost-item-service] [reshExecutor-%d] com.netflix.discovery.DiscoveryClient    : Disable delta property : false
2026-07-10T12:50:13.415+05:30  INFO 113148 --- [lost-item-service] [reshExecutor-%d] com.netflix.discovery.DiscoveryClient    : Single vip registry refresh property : null
2026-07-10T12:50:13.415+05:30  INFO 113148 --- [lost-item-service] [reshExecutor-%d] com.netflix.discovery.DiscoveryClient    : Force full registry fetch : false
2026-07-10T12:50:13.415+05:30  INFO 113148 --- [lost-item-service] [reshExecutor-%d] com.netflix.discovery.DiscoveryClient    : Application is null : false
2026-07-10T12:50:13.415+05:30  INFO 113148 --- [lost-item-service] [reshExecutor-%d] com.netflix.discovery.DiscoveryClient    : Registered Applications size is zero : true
2026-07-10T12:50:13.415+05:30  INFO 113148 --- [lost-item-service] [reshExecutor-%d] com.netflix.discovery.DiscoveryClient    : Application version is -1: false
2026-07-10T12:50:13.415+05:30  INFO 113148 --- [lost-item-service] [reshExecutor-%d] com.netflix.discovery.DiscoveryClient    : Getting all instance registry info from the eureka server
2026-07-10T12:50:13.426+05:30  INFO 113148 --- [lost-item-service] [reshExecutor-%d] com.netflix.discovery.DiscoveryClient    : The response status is 200
2026-07-10T12:53:06.848+05:30  INFO 113148 --- [lost-item-service] [nio-8082-exec-1] o.a.c.c.C.[Tomcat].[localhost].[/]       : Initializing Spring DispatcherServlet 'dispatcherServlet'
2026-07-10T12:53:06.848+05:30  INFO 113148 --- [lost-item-service] [nio-8082-exec-1] o.s.web.servlet.DispatcherServlet        : Initializing Servlet 'dispatcherServlet'
2026-07-10T12:53:06.851+05:30  INFO 113148 --- [lost-item-service] [nio-8082-exec-1] o.s.web.servlet.DispatcherServlet        : Completed initialization in 3 ms
2026-07-10T12:53:06.947+05:30  INFO 113148 --- [lost-item-service] [nio-8082-exec-1] c.e.lostitemservice.aop.LoggingAspect    : API Called: com.example.lostitemservice.controller.LostItemController.getAllLostItems()
Hibernate: select li1_0.id,li1_0.category,li1_0.contact_info,li1_0.created_at,li1_0.date_lost,li1_0.description,li1_0.image_url,li1_0.item_name,li1_0.location,li1_0.reported_by,li1_0.status from lost_items li1_0
2026-07-10T12:53:07.019+05:30  INFO 113148 --- [lost-item-service] [nio-8082-exec-1] c.e.lostitemservice.aop.LoggingAspect    : Method com.example.lostitemservice.service.LostItemService.getAllLostItems() executed in 72 ms
2026-07-10T12:53:07.020+05:30  INFO 113148 --- [lost-item-service] [nio-8082-exec-1] c.e.lostitemservice.aop.LoggingAspect    : Method com.example.lostitemservice.controller.LostItemController.getAllLostItems() executed in 74 ms
2026-07-10T12:53:13.638+05:30  INFO 113148 --- [lost-item-service] [nio-8082-exec-2] c.e.lostitemservice.aop.LoggingAspect    : API Called: com.example.lostitemservice.controller.LostItemController.getAllLostItems()
Hibernate: select li1_0.id,li1_0.category,li1_0.contact_info,li1_0.created_at,li1_0.date_lost,li1_0.description,li1_0.image_url,li1_0.item_name,li1_0.location,li1_0.reported_by,li1_0.status from lost_items li1_0
2026-07-10T12:53:13.640+05:30  INFO 113148 --- [lost-item-service] [nio-8082-exec-2] c.e.lostitemservice.aop.LoggingAspect    : Method com.example.lostitemservice.service.LostItemService.getAllLostItems() executed in 2 ms
2026-07-10T12:53:13.641+05:30  INFO 113148 --- [lost-item-service] [nio-8082-exec-2] c.e.lostitemservice.aop.LoggingAspect    : Method com.example.lostitemservice.controller.LostItemController.getAllLostItems() executed in 3 ms
2026-07-10T12:54:00.245+05:30  INFO 113148 --- [lost-item-service] [nio-8082-exec-3] c.e.lostitemservice.aop.LoggingAspect    : API Called: com.example.lostitemservice.controller.LostItemController.getAllLostItems()
Hibernate: select li1_0.id,li1_0.category,li1_0.contact_info,li1_0.created_at,li1_0.date_lost,li1_0.description,li1_0.image_url,li1_0.item_name,li1_0.location,li1_0.reported_by,li1_0.status from lost_items li1_0
2026-07-10T12:54:00.248+05:30  INFO 113148 --- [lost-item-service] [nio-8082-exec-3] c.e.lostitemservice.aop.LoggingAspect    : Method com.example.lostitemservice.service.LostItemService.getAllLostItems() executed in 3 ms
2026-07-10T12:54:00.248+05:30  INFO 113148 --- [lost-item-service] [nio-8082-exec-3] c.e.lostitemservice.aop.LoggingAspect    : Method com.example.lostitemservice.controller.LostItemController.getAllLostItems() executed in 3 ms
2026-07-10T12:54:43.139+05:30  INFO 113148 --- [lost-item-service] [rap-executor-%d] c.n.d.s.r.aws.ConfigClusterResolver      : Resolving eureka endpoints via configuration
2026-07-10T13:36:16.701+05:30  INFO 113148 --- [lost-item-service] [rap-executor-%d] c.n.d.s.r.aws.ConfigClusterResolver      : Resolving eureka endpoints via configuration
2026-07-10T13:38:01.563+05:30  INFO 113148 --- [lost-item-service] [nio-8082-exec-5] c.e.lostitemservice.aop.LoggingAspect    : API Called: com.example.lostitemservice.controller.LostItemController.getAllLostItems()
Hibernate: select li1_0.id,li1_0.category,li1_0.contact_info,li1_0.created_at,li1_0.date_lost,li1_0.description,li1_0.image_url,li1_0.item_name,li1_0.location,li1_0.reported_by,li1_0.status from lost_items li1_0
2026-07-10T13:38:01.565+05:30  INFO 113148 --- [lost-item-service] [nio-8082-exec-5] c.e.lostitemservice.aop.LoggingAspect    : Method com.example.lostitemservice.service.LostItemService.getAllLostItems() executed in 2 ms
2026-07-10T13:38:01.565+05:30  INFO 113148 --- [lost-item-service] [nio-8082-exec-5] c.e.lostitemservice.aop.LoggingAspect    : Method com.example.lostitemservice.controller.LostItemController.getAllLostItems() executed in 2 ms
2026-07-10T13:38:05.651+05:30  INFO 113148 --- [lost-item-service] [nio-8082-exec-6] c.e.lostitemservice.aop.LoggingAspect    : API Called: com.example.lostitemservice.controller.LostItemController.getAllLostItems()
Hibernate: select li1_0.id,li1_0.category,li1_0.contact_info,li1_0.created_at,li1_0.date_lost,li1_0.description,li1_0.image_url,li1_0.item_name,li1_0.location,li1_0.reported_by,li1_0.status from lost_items li1_0
2026-07-10T13:38:05.654+05:30  INFO 113148 --- [lost-item-service] [nio-8082-exec-6] c.e.lostitemservice.aop.LoggingAspect    : Method com.example.lostitemservice.service.LostItemService.getAllLostItems() executed in 3 ms
2026-07-10T13:38:05.654+05:30  INFO 113148 --- [lost-item-service] [nio-8082-exec-6] c.e.lostitemservice.aop.LoggingAspect    : Method com.example.lostitemservice.controller.LostItemController.getAllLostItems() executed in 3 ms
2026-07-10T13:38:10.339+05:30  INFO 113148 --- [lost-item-service] [nio-8082-exec-7] c.e.lostitemservice.aop.LoggingAspect    : API Called: com.example.lostitemservice.controller.LostItemController.getAllLostItems()
Hibernate: select li1_0.id,li1_0.category,li1_0.contact_info,li1_0.created_at,li1_0.date_lost,li1_0.description,li1_0.image_url,li1_0.item_name,li1_0.location,li1_0.reported_by,li1_0.status from lost_items li1_0
2026-07-10T13:38:10.342+05:30  INFO 113148 --- [lost-item-service] [nio-8082-exec-7] c.e.lostitemservice.aop.LoggingAspect    : Method com.example.lostitemservice.service.LostItemService.getAllLostItems() executed in 3 ms
2026-07-10T13:38:10.342+05:30  INFO 113148 --- [lost-item-service] [nio-8082-exec-7] c.e.lostitemservice.aop.LoggingAspect    : Method com.example.lostitemservice.controller.LostItemController.getAllLostItems() executed in 3 ms
2026-07-10T13:38:29.516+05:30  INFO 113148 --- [lost-item-service] [nio-8082-exec-8] c.e.lostitemservice.aop.LoggingAspect    : API Called: com.example.lostitemservice.controller.LostItemController.addLostItem()
Hibernate: insert into lost_items (category,contact_info,created_at,date_lost,description,image_url,item_name,location,reported_by,status,id) values (?,?,?,?,?,?,?,?,?,?,default)
2026-07-10T13:38:29.545+05:30  INFO 113148 --- [lost-item-service] [nio-8082-exec-8] c.e.lostitemservice.aop.LoggingAspect    : Method com.example.lostitemservice.service.LostItemService.addLostItem() executed in 29 ms
2026-07-10T13:38:29.545+05:30  INFO 113148 --- [lost-item-service] [nio-8082-exec-8] c.e.lostitemservice.aop.LoggingAspect    : Method com.example.lostitemservice.controller.LostItemController.addLostItem() executed in 29 ms
2026-07-10T13:38:30.585+05:30  INFO 113148 --- [lost-item-service] [nio-8082-exec-9] c.e.lostitemservice.aop.LoggingAspect    : API Called: com.example.lostitemservice.controller.LostItemController.getAllLostItems()
Hibernate: select li1_0.id,li1_0.category,li1_0.contact_info,li1_0.created_at,li1_0.date_lost,li1_0.description,li1_0.image_url,li1_0.item_name,li1_0.location,li1_0.reported_by,li1_0.status from lost_items li1_0
2026-07-10T13:38:30.591+05:30  INFO 113148 --- [lost-item-service] [nio-8082-exec-9] c.e.lostitemservice.aop.LoggingAspect    : Method com.example.lostitemservice.service.LostItemService.getAllLostItems() executed in 6 ms
2026-07-10T13:38:30.591+05:30  INFO 113148 --- [lost-item-service] [nio-8082-exec-9] c.e.lostitemservice.aop.LoggingAspect    : Method com.example.lostitemservice.controller.LostItemController.getAllLostItems() executed in 6 ms
2026-07-10T13:38:38.169+05:30  INFO 113148 --- [lost-item-service] [io-8082-exec-10] c.e.lostitemservice.aop.LoggingAspect    : API Called: com.example.lostitemservice.controller.LostItemController.getAllLostItems()
Hibernate: select li1_0.id,li1_0.category,li1_0.contact_info,li1_0.created_at,li1_0.date_lost,li1_0.description,li1_0.image_url,li1_0.item_name,li1_0.location,li1_0.reported_by,li1_0.status from lost_items li1_0
2026-07-10T13:38:38.172+05:30  INFO 113148 --- [lost-item-service] [io-8082-exec-10] c.e.lostitemservice.aop.LoggingAspect    : Method com.example.lostitemservice.service.LostItemService.getAllLostItems() executed in 3 ms
2026-07-10T13:38:38.173+05:30  INFO 113148 --- [lost-item-service] [io-8082-exec-10] c.e.lostitemservice.aop.LoggingAspect    : Method com.example.lostitemservice.controller.LostItemController.getAllLostItems() executed in 5 ms
2026-07-10T13:38:41.328+05:30  INFO 113148 --- [lost-item-service] [nio-8082-exec-1] c.e.lostitemservice.aop.LoggingAspect    : API Called: com.example.lostitemservice.controller.LostItemController.getAllLostItems()
Hibernate: select li1_0.id,li1_0.category,li1_0.contact_info,li1_0.created_at,li1_0.date_lost,li1_0.description,li1_0.image_url,li1_0.item_name,li1_0.location,li1_0.reported_by,li1_0.status from lost_items li1_0
2026-07-10T13:38:41.332+05:30  INFO 113148 --- [lost-item-service] [nio-8082-exec-1] c.e.lostitemservice.aop.LoggingAspect    : Method com.example.lostitemservice.service.LostItemService.getAllLostItems() executed in 3 ms
2026-07-10T13:38:41.332+05:30  INFO 113148 --- [lost-item-service] [nio-8082-exec-1] c.e.lostitemservice.aop.LoggingAspect    : Method com.example.lostitemservice.controller.LostItemController.getAllLostItems() executed in 4 ms
2026-07-10T13:41:16.701+05:30  INFO 113148 --- [lost-item-service] [rap-executor-%d] c.n.d.s.r.aws.ConfigClusterResolver      : Resolving eureka endpoints via configuration
2026-07-10T13:46:16.702+05:30  INFO 113148 --- [lost-item-service] [rap-executor-%d] c.n.d.s.r.aws.ConfigClusterResolver      : Resolving eureka endpoints via configuration
