[INFO] Scanning for projects...
[INFO] 
[INFO] ------------------< com.example:notification-service >------------------
[INFO] Building notification-service 0.0.1-SNAPSHOT
[INFO]   from pom.xml
[INFO] --------------------------------[ jar ]---------------------------------
[INFO] 
[INFO] >>> spring-boot:4.1.0:run (default-cli) > test-compile @ notification-service >>>
[INFO] 
[INFO] --- resources:3.5.0:resources (default-resources) @ notification-service ---
[INFO] Copying 1 resource from src/main/resources to target/classes
[INFO] Copying 0 resource from src/main/resources to target/classes
[INFO] 
[INFO] --- compiler:3.15.0:compile (default-compile) @ notification-service ---
[INFO] Nothing to compile - all classes are up to date.
[INFO] 
[INFO] --- resources:3.5.0:testResources (default-testResources) @ notification-service ---
[INFO] skip non existing resourceDirectory /home/kavy/Documents/CampusTrace/notification-service/src/test/resources
[INFO] 
[INFO] --- compiler:3.15.0:testCompile (default-testCompile) @ notification-service ---
[INFO] Nothing to compile - all classes are up to date.
[INFO] 
[INFO] <<< spring-boot:4.1.0:run (default-cli) < test-compile @ notification-service <<<
[INFO] 
[INFO] 
[INFO] --- spring-boot:4.1.0:run (default-cli) @ notification-service ---
[INFO] Attaching agents: []

  .   ____          _            __ _ _
 /\\ / ___'_ __ _ _(_)_ __  __ _ \ \ \ \
( ( )\___ | '_ | '_| | '_ \/ _` | \ \ \ \
 \\/  ___)| |_)| | | | | || (_| |  ) ) ) )
  '  |____| .__|_| |_|_| |_\__, | / / / /
 =========|_|==============|___/=/_/_/_/

 :: Spring Boot ::                (v4.1.0)

2026-07-10T12:49:36.203+05:30  INFO 113170 --- [notification-service] [           main] c.e.n.NotificationServiceApplication     : Starting NotificationServiceApplication using Java 17.0.19 with PID 113170 (/home/kavy/Documents/CampusTrace/notification-service/target/classes started by kavy in /home/kavy/Documents/CampusTrace/notification-service)
2026-07-10T12:49:36.207+05:30  INFO 113170 --- [notification-service] [           main] c.e.n.NotificationServiceApplication     : No active profile set, falling back to 1 default profile: "default"
2026-07-10T12:49:37.391+05:30  INFO 113170 --- [notification-service] [           main] .s.d.r.c.RepositoryConfigurationDelegate : Bootstrapping Spring Data JPA repositories in DEFAULT mode.
2026-07-10T12:49:37.586+05:30  INFO 113170 --- [notification-service] [           main] .s.d.r.c.RepositoryConfigurationDelegate : Finished Spring Data repository scanning in 180 ms. Found 1 JPA repository interface.
2026-07-10T12:49:38.064+05:30  INFO 113170 --- [notification-service] [           main] o.s.cloud.context.scope.GenericScope     : BeanFactory id=54a4e579-6dbf-3625-9151-325b177b5d57
2026-07-10T12:49:38.732+05:30  INFO 113170 --- [notification-service] [           main] o.s.boot.tomcat.TomcatWebServer          : Tomcat initialized with port 8085 (http)
2026-07-10T12:49:38.745+05:30  INFO 113170 --- [notification-service] [           main] o.apache.catalina.core.StandardService   : Starting service [Tomcat]
2026-07-10T12:49:38.745+05:30  INFO 113170 --- [notification-service] [           main] o.apache.catalina.core.StandardEngine    : Starting Servlet engine: [Apache Tomcat/11.0.22]
2026-07-10T12:49:38.789+05:30  INFO 113170 --- [notification-service] [           main] b.w.c.s.WebApplicationContextInitializer : Root WebApplicationContext: initialization completed in 2493 ms
2026-07-10T12:49:39.165+05:30  INFO 113170 --- [notification-service] [           main] org.hibernate.orm.jpa                    : HHH008540: Processing PersistenceUnitInfo [name: default]
2026-07-10T12:49:39.217+05:30  INFO 113170 --- [notification-service] [           main] org.hibernate.orm.core                   : HHH000001: Hibernate ORM core version 7.4.1.Final
2026-07-10T12:49:39.586+05:30  INFO 113170 --- [notification-service] [           main] o.s.o.j.p.SpringPersistenceUnitInfo      : No LoadTimeWeaver setup: ignoring JPA class transformer
2026-07-10T12:49:39.621+05:30  INFO 113170 --- [notification-service] [           main] com.zaxxer.hikari.HikariDataSource       : HikariPool-1 - Starting...
2026-07-10T12:49:39.803+05:30  INFO 113170 --- [notification-service] [           main] com.zaxxer.hikari.pool.HikariPool        : HikariPool-1 - Added connection conn0: url=jdbc:h2:mem:notificationdb user=SA
2026-07-10T12:49:39.804+05:30  INFO 113170 --- [notification-service] [           main] com.zaxxer.hikari.HikariDataSource       : HikariPool-1 - Start completed.
2026-07-10T12:49:39.822+05:30  WARN 113170 --- [notification-service] [           main] org.hibernate.orm.deprecation            : HHH90000025: H2Dialect does not need to be specified explicitly using 'hibernate.dialect' (remove the property setting and it will be selected by default)
2026-07-10T12:49:39.841+05:30  INFO 113170 --- [notification-service] [           main] org.hibernate.orm.connections.pooling    : HHH10001005: Database info:
	Database JDBC URL [jdbc:h2:mem:notificationdb]
	Database driver: H2 JDBC Driver
	Database dialect: H2Dialect
	Database version: 2.4.240
	Default catalog/schema: NOTIFICATIONDB/PUBLIC
	Autocommit mode: undefined/unknown
	Isolation level: READ_COMMITTED [default READ_COMMITTED]
	JDBC fetch size: 100
	Pool: DataSourceConnectionProvider
	Minimum pool size: undefined/unknown
	Maximum pool size: undefined/unknown
2026-07-10T12:49:40.619+05:30  INFO 113170 --- [notification-service] [           main] org.hibernate.orm.core                   : HHH000489: No JTA platform available (set 'hibernate.transaction.jta.platform' to enable JTA platform integration)
Hibernate: create table notifications (id bigint generated by default as identity, created_at timestamp(6) not null, message varchar(500) not null, is_read boolean not null, type varchar(255) not null, user_id varchar(255) not null, primary key (id))
2026-07-10T12:49:40.678+05:30  INFO 113170 --- [notification-service] [           main] j.LocalContainerEntityManagerFactoryBean : Initialized JPA EntityManagerFactory for persistence unit 'default'
2026-07-10T12:49:40.888+05:30  INFO 113170 --- [notification-service] [           main] o.s.d.j.r.query.QueryEnhancerFactories   : Hibernate is in classpath; If applicable, HQL parser will be used.
2026-07-10T12:49:41.160+05:30  WARN 113170 --- [notification-service] [           main] JpaBaseConfiguration$JpaWebConfiguration : spring.jpa.open-in-view is enabled by default. Therefore, database queries may be performed during view rendering. Explicitly configure spring.jpa.open-in-view to disable this warning
2026-07-10T12:49:41.332+05:30  WARN 113170 --- [notification-service] [           main] .s.a.UserDetailsServiceAutoConfiguration : 

Using generated security password: dec1ccef-b296-432c-ba3e-f77b28f62d4f

This generated password is for development use only. Your security configuration must be updated before running your application in production.

2026-07-10T12:49:41.341+05:30  INFO 113170 --- [notification-service] [           main] r$InitializeUserDetailsManagerConfigurer : Global AuthenticationManager configured with UserDetailsService bean with name inMemoryUserDetailsManager
2026-07-10T12:49:42.285+05:30  INFO 113170 --- [notification-service] [           main] DiscoveryClientOptionalArgsConfiguration : Eureka HTTP Client uses RestClient.
2026-07-10T12:49:42.360+05:30  WARN 113170 --- [notification-service] [           main] iguration$LoadBalancerCaffeineWarnLogger : Spring Cloud LoadBalancer is currently working with the default cache. While this cache implementation is useful for development and tests, it's recommended to use Caffeine cache in production.You can switch to using Caffeine cache, by adding it and org.springframework.cache.caffeine.CaffeineCacheManager to the classpath.
2026-07-10T12:49:42.370+05:30  INFO 113170 --- [notification-service] [           main] o.s.b.a.e.web.EndpointLinksResolver      : Exposing 3 endpoints beneath base path '/actuator'
2026-07-10T12:49:42.442+05:30  INFO 113170 --- [notification-service] [           main] o.s.c.n.eureka.InstanceInfoFactory       : Setting initial instance status as: STARTING
2026-07-10T12:49:42.465+05:30  INFO 113170 --- [notification-service] [           main] com.netflix.discovery.DiscoveryClient    : Initializing Eureka in region us-east-1
2026-07-10T12:49:42.468+05:30  INFO 113170 --- [notification-service] [           main] c.n.d.s.r.aws.ConfigClusterResolver      : Resolving eureka endpoints via configuration
2026-07-10T12:49:42.477+05:30  INFO 113170 --- [notification-service] [           main] com.netflix.discovery.DiscoveryClient    : Disable delta property : false
2026-07-10T12:49:42.477+05:30  INFO 113170 --- [notification-service] [           main] com.netflix.discovery.DiscoveryClient    : Single vip registry refresh property : null
2026-07-10T12:49:42.477+05:30  INFO 113170 --- [notification-service] [           main] com.netflix.discovery.DiscoveryClient    : Force full registry fetch : false
2026-07-10T12:49:42.477+05:30  INFO 113170 --- [notification-service] [           main] com.netflix.discovery.DiscoveryClient    : Application is null : false
2026-07-10T12:49:42.477+05:30  INFO 113170 --- [notification-service] [           main] com.netflix.discovery.DiscoveryClient    : Registered Applications size is zero : true
2026-07-10T12:49:42.477+05:30  INFO 113170 --- [notification-service] [           main] com.netflix.discovery.DiscoveryClient    : Application version is -1: true
2026-07-10T12:49:42.477+05:30  INFO 113170 --- [notification-service] [           main] com.netflix.discovery.DiscoveryClient    : Getting all instance registry info from the eureka server
2026-07-10T12:49:42.926+05:30  INFO 113170 --- [notification-service] [           main] com.netflix.discovery.DiscoveryClient    : The response status is 200
2026-07-10T12:49:42.927+05:30  INFO 113170 --- [notification-service] [           main] com.netflix.discovery.DiscoveryClient    : Starting heartbeat executor: renew interval is: 30
2026-07-10T12:49:42.929+05:30  INFO 113170 --- [notification-service] [           main] c.n.discovery.InstanceInfoReplicator     : InstanceInfoReplicator onDemand update allowed rate per min is 4
2026-07-10T12:49:42.930+05:30  INFO 113170 --- [notification-service] [           main] com.netflix.discovery.DiscoveryClient    : Discovery Client initialized at timestamp 1783667982930 with initial instances count: 0
2026-07-10T12:49:42.937+05:30  INFO 113170 --- [notification-service] [           main] o.s.c.n.e.s.EurekaServiceRegistry        : Registering application NOTIFICATION-SERVICE with eureka with status UP
2026-07-10T12:49:42.938+05:30  INFO 113170 --- [notification-service] [           main] com.netflix.discovery.DiscoveryClient    : Saw local status change event StatusChangeEvent [timestamp=1783667982938, current=UP, previous=STARTING]
2026-07-10T12:49:42.939+05:30  INFO 113170 --- [notification-service] [foReplicator-%d] com.netflix.discovery.DiscoveryClient    : DiscoveryClient_NOTIFICATION-SERVICE/10.35.42.174:notification-service:8085: registering service...
2026-07-10T12:49:42.952+05:30  INFO 113170 --- [notification-service] [           main] o.s.boot.tomcat.TomcatWebServer          : Tomcat started on port 8085 (http) with context path '/'
2026-07-10T12:49:42.953+05:30  INFO 113170 --- [notification-service] [           main] .s.c.n.e.s.EurekaAutoServiceRegistration : Updating port to 8085
2026-07-10T12:49:42.972+05:30  INFO 113170 --- [notification-service] [           main] c.e.n.NotificationServiceApplication     : Started NotificationServiceApplication in 7.444 seconds (process running for 8.123)
2026-07-10T12:49:43.068+05:30  INFO 113170 --- [notification-service] [foReplicator-%d] com.netflix.discovery.DiscoveryClient    : DiscoveryClient_NOTIFICATION-SERVICE/10.35.42.174:notification-service:8085 - registration status: 204
2026-07-10T12:50:12.928+05:30  INFO 113170 --- [notification-service] [reshExecutor-%d] com.netflix.discovery.DiscoveryClient    : Disable delta property : false
2026-07-10T12:50:12.928+05:30  INFO 113170 --- [notification-service] [reshExecutor-%d] com.netflix.discovery.DiscoveryClient    : Single vip registry refresh property : null
2026-07-10T12:50:12.928+05:30  INFO 113170 --- [notification-service] [reshExecutor-%d] com.netflix.discovery.DiscoveryClient    : Force full registry fetch : false
2026-07-10T12:50:12.928+05:30  INFO 113170 --- [notification-service] [reshExecutor-%d] com.netflix.discovery.DiscoveryClient    : Application is null : false
2026-07-10T12:50:12.928+05:30  INFO 113170 --- [notification-service] [reshExecutor-%d] com.netflix.discovery.DiscoveryClient    : Registered Applications size is zero : true
2026-07-10T12:50:12.928+05:30  INFO 113170 --- [notification-service] [reshExecutor-%d] com.netflix.discovery.DiscoveryClient    : Application version is -1: false
2026-07-10T12:50:12.928+05:30  INFO 113170 --- [notification-service] [reshExecutor-%d] com.netflix.discovery.DiscoveryClient    : Getting all instance registry info from the eureka server
2026-07-10T12:50:12.939+05:30  INFO 113170 --- [notification-service] [reshExecutor-%d] com.netflix.discovery.DiscoveryClient    : The response status is 200
2026-07-10T12:53:06.829+05:30  INFO 113170 --- [notification-service] [nio-8085-exec-1] o.a.c.c.C.[Tomcat].[localhost].[/]       : Initializing Spring DispatcherServlet 'dispatcherServlet'
2026-07-10T12:53:06.829+05:30  INFO 113170 --- [notification-service] [nio-8085-exec-1] o.s.web.servlet.DispatcherServlet        : Initializing Servlet 'dispatcherServlet'
2026-07-10T12:53:06.831+05:30  INFO 113170 --- [notification-service] [nio-8085-exec-1] o.s.web.servlet.DispatcherServlet        : Completed initialization in 2 ms
2026-07-10T12:53:06.939+05:30  INFO 113170 --- [notification-service] [nio-8085-exec-1] c.e.n.aop.LoggingAspect                  : API Called: com.example.notificationservice.controller.NotificationController.getUnreadCount()
Hibernate: select count(n1_0.id) from notifications n1_0 where n1_0.user_id=? and n1_0.is_read=?
2026-07-10T12:53:07.220+05:30  INFO 113170 --- [notification-service] [nio-8085-exec-1] c.e.n.aop.LoggingAspect                  : Method com.example.notificationservice.service.NotificationService.getUnreadCount() executed in 281 ms
2026-07-10T12:53:07.220+05:30  INFO 113170 --- [notification-service] [nio-8085-exec-1] c.e.n.aop.LoggingAspect                  : Method com.example.notificationservice.controller.NotificationController.getUnreadCount() executed in 282 ms
2026-07-10T12:53:13.638+05:30  INFO 113170 --- [notification-service] [nio-8085-exec-2] c.e.n.aop.LoggingAspect                  : API Called: com.example.notificationservice.controller.NotificationController.getUnreadCount()
Hibernate: select count(n1_0.id) from notifications n1_0 where n1_0.user_id=? and n1_0.is_read=?
2026-07-10T12:53:13.639+05:30  INFO 113170 --- [notification-service] [nio-8085-exec-2] c.e.n.aop.LoggingAspect                  : Method com.example.notificationservice.service.NotificationService.getUnreadCount() executed in 1 ms
2026-07-10T12:53:13.640+05:30  INFO 113170 --- [notification-service] [nio-8085-exec-2] c.e.n.aop.LoggingAspect                  : Method com.example.notificationservice.controller.NotificationController.getUnreadCount() executed in 2 ms
2026-07-10T12:53:14.692+05:30  INFO 113170 --- [notification-service] [nio-8085-exec-3] c.e.n.aop.LoggingAspect                  : API Called: com.example.notificationservice.controller.NotificationController.getUnreadCount()
Hibernate: select count(n1_0.id) from notifications n1_0 where n1_0.user_id=? and n1_0.is_read=?
2026-07-10T12:53:14.693+05:30  INFO 113170 --- [notification-service] [nio-8085-exec-3] c.e.n.aop.LoggingAspect                  : Method com.example.notificationservice.service.NotificationService.getUnreadCount() executed in 1 ms
2026-07-10T12:53:14.693+05:30  INFO 113170 --- [notification-service] [nio-8085-exec-3] c.e.n.aop.LoggingAspect                  : Method com.example.notificationservice.controller.NotificationController.getUnreadCount() executed in 2 ms
2026-07-10T12:53:15.648+05:30  INFO 113170 --- [notification-service] [nio-8085-exec-4] c.e.n.aop.LoggingAspect                  : API Called: com.example.notificationservice.controller.NotificationController.getUnreadCount()
Hibernate: select count(n1_0.id) from notifications n1_0 where n1_0.user_id=? and n1_0.is_read=?
2026-07-10T12:53:15.649+05:30  INFO 113170 --- [notification-service] [nio-8085-exec-4] c.e.n.aop.LoggingAspect                  : Method com.example.notificationservice.service.NotificationService.getUnreadCount() executed in 1 ms
2026-07-10T12:53:15.649+05:30  INFO 113170 --- [notification-service] [nio-8085-exec-4] c.e.n.aop.LoggingAspect                  : Method com.example.notificationservice.controller.NotificationController.getUnreadCount() executed in 1 ms
2026-07-10T12:53:16.459+05:30  INFO 113170 --- [notification-service] [nio-8085-exec-5] c.e.n.aop.LoggingAspect                  : API Called: com.example.notificationservice.controller.NotificationController.getUnreadCount()
Hibernate: select count(n1_0.id) from notifications n1_0 where n1_0.user_id=? and n1_0.is_read=?
2026-07-10T12:53:16.460+05:30  INFO 113170 --- [notification-service] [nio-8085-exec-5] c.e.n.aop.LoggingAspect                  : Method com.example.notificationservice.service.NotificationService.getUnreadCount() executed in 1 ms
2026-07-10T12:53:16.460+05:30  INFO 113170 --- [notification-service] [nio-8085-exec-5] c.e.n.aop.LoggingAspect                  : Method com.example.notificationservice.controller.NotificationController.getUnreadCount() executed in 1 ms
2026-07-10T12:53:18.013+05:30  INFO 113170 --- [notification-service] [nio-8085-exec-6] c.e.n.aop.LoggingAspect                  : API Called: com.example.notificationservice.controller.NotificationController.getUnreadCount()
Hibernate: select count(n1_0.id) from notifications n1_0 where n1_0.user_id=? and n1_0.is_read=?
2026-07-10T12:53:18.015+05:30  INFO 113170 --- [notification-service] [nio-8085-exec-6] c.e.n.aop.LoggingAspect                  : Method com.example.notificationservice.service.NotificationService.getUnreadCount() executed in 2 ms
2026-07-10T12:53:18.015+05:30  INFO 113170 --- [notification-service] [nio-8085-exec-6] c.e.n.aop.LoggingAspect                  : Method com.example.notificationservice.controller.NotificationController.getUnreadCount() executed in 2 ms
2026-07-10T12:53:19.129+05:30  INFO 113170 --- [notification-service] [nio-8085-exec-7] c.e.n.aop.LoggingAspect                  : API Called: com.example.notificationservice.controller.NotificationController.getMyNotifications()
2026-07-10T12:53:19.132+05:30  INFO 113170 --- [notification-service] [nio-8085-exec-8] c.e.n.aop.LoggingAspect                  : API Called: com.example.notificationservice.controller.NotificationController.getUnreadCount()
Hibernate: select count(n1_0.id) from notifications n1_0 where n1_0.user_id=? and n1_0.is_read=?
2026-07-10T12:53:19.134+05:30  INFO 113170 --- [notification-service] [nio-8085-exec-8] c.e.n.aop.LoggingAspect                  : Method com.example.notificationservice.service.NotificationService.getUnreadCount() executed in 1 ms
2026-07-10T12:53:19.134+05:30  INFO 113170 --- [notification-service] [nio-8085-exec-8] c.e.n.aop.LoggingAspect                  : Method com.example.notificationservice.controller.NotificationController.getUnreadCount() executed in 2 ms
Hibernate: select n1_0.id,n1_0.created_at,n1_0.message,n1_0.is_read,n1_0.type,n1_0.user_id from notifications n1_0 where n1_0.user_id=? order by n1_0.created_at desc
2026-07-10T12:53:19.150+05:30  INFO 113170 --- [notification-service] [nio-8085-exec-7] c.e.n.aop.LoggingAspect                  : Method com.example.notificationservice.service.NotificationService.getNotificationsByUser() executed in 21 ms
2026-07-10T12:53:19.151+05:30  INFO 113170 --- [notification-service] [nio-8085-exec-7] c.e.n.aop.LoggingAspect                  : Method com.example.notificationservice.controller.NotificationController.getMyNotifications() executed in 22 ms
2026-07-10T12:54:00.242+05:30  INFO 113170 --- [notification-service] [nio-8085-exec-9] c.e.n.aop.LoggingAspect                  : API Called: com.example.notificationservice.controller.NotificationController.getUnreadCount()
Hibernate: select count(n1_0.id) from notifications n1_0 where n1_0.user_id=? and n1_0.is_read=?
2026-07-10T12:54:00.244+05:30  INFO 113170 --- [notification-service] [nio-8085-exec-9] c.e.n.aop.LoggingAspect                  : Method com.example.notificationservice.service.NotificationService.getUnreadCount() executed in 2 ms
2026-07-10T12:54:00.244+05:30  INFO 113170 --- [notification-service] [nio-8085-exec-9] c.e.n.aop.LoggingAspect                  : Method com.example.notificationservice.controller.NotificationController.getUnreadCount() executed in 2 ms
2026-07-10T12:54:42.479+05:30  INFO 113170 --- [notification-service] [rap-executor-%d] c.n.d.s.r.aws.ConfigClusterResolver      : Resolving eureka endpoints via configuration
2026-07-10T13:36:16.040+05:30  INFO 113170 --- [notification-service] [rap-executor-%d] c.n.d.s.r.aws.ConfigClusterResolver      : Resolving eureka endpoints via configuration
2026-07-10T13:38:01.560+05:30  INFO 113170 --- [notification-service] [nio-8085-exec-2] c.e.n.aop.LoggingAspect                  : API Called: com.example.notificationservice.controller.NotificationController.getUnreadCount()
Hibernate: select count(n1_0.id) from notifications n1_0 where n1_0.user_id=? and n1_0.is_read=?
2026-07-10T13:38:01.562+05:30  INFO 113170 --- [notification-service] [nio-8085-exec-2] c.e.n.aop.LoggingAspect                  : Method com.example.notificationservice.service.NotificationService.getUnreadCount() executed in 1 ms
2026-07-10T13:38:01.562+05:30  INFO 113170 --- [notification-service] [nio-8085-exec-2] c.e.n.aop.LoggingAspect                  : Method com.example.notificationservice.controller.NotificationController.getUnreadCount() executed in 2 ms
2026-07-10T13:38:02.559+05:30  INFO 113170 --- [notification-service] [nio-8085-exec-3] c.e.n.aop.LoggingAspect                  : API Called: com.example.notificationservice.controller.NotificationController.getUnreadCount()
Hibernate: select count(n1_0.id) from notifications n1_0 where n1_0.user_id=? and n1_0.is_read=?
2026-07-10T13:38:02.561+05:30  INFO 113170 --- [notification-service] [nio-8085-exec-3] c.e.n.aop.LoggingAspect                  : Method com.example.notificationservice.service.NotificationService.getUnreadCount() executed in 2 ms
2026-07-10T13:38:02.561+05:30  INFO 113170 --- [notification-service] [nio-8085-exec-3] c.e.n.aop.LoggingAspect                  : Method com.example.notificationservice.controller.NotificationController.getUnreadCount() executed in 2 ms
2026-07-10T13:38:03.478+05:30  INFO 113170 --- [notification-service] [nio-8085-exec-4] c.e.n.aop.LoggingAspect                  : API Called: com.example.notificationservice.controller.NotificationController.getUnreadCount()
Hibernate: select count(n1_0.id) from notifications n1_0 where n1_0.user_id=? and n1_0.is_read=?
2026-07-10T13:38:03.479+05:30  INFO 113170 --- [notification-service] [nio-8085-exec-4] c.e.n.aop.LoggingAspect                  : Method com.example.notificationservice.service.NotificationService.getUnreadCount() executed in 1 ms
2026-07-10T13:38:03.479+05:30  INFO 113170 --- [notification-service] [nio-8085-exec-4] c.e.n.aop.LoggingAspect                  : Method com.example.notificationservice.controller.NotificationController.getUnreadCount() executed in 1 ms
2026-07-10T13:38:04.339+05:30  INFO 113170 --- [notification-service] [nio-8085-exec-5] c.e.n.aop.LoggingAspect                  : API Called: com.example.notificationservice.controller.NotificationController.getUnreadCount()
Hibernate: select count(n1_0.id) from notifications n1_0 where n1_0.user_id=? and n1_0.is_read=?
2026-07-10T13:38:04.341+05:30  INFO 113170 --- [notification-service] [nio-8085-exec-5] c.e.n.aop.LoggingAspect                  : Method com.example.notificationservice.service.NotificationService.getUnreadCount() executed in 2 ms
2026-07-10T13:38:04.341+05:30  INFO 113170 --- [notification-service] [nio-8085-exec-5] c.e.n.aop.LoggingAspect                  : Method com.example.notificationservice.controller.NotificationController.getUnreadCount() executed in 2 ms
2026-07-10T13:38:05.648+05:30  INFO 113170 --- [notification-service] [nio-8085-exec-6] c.e.n.aop.LoggingAspect                  : API Called: com.example.notificationservice.controller.NotificationController.getUnreadCount()
Hibernate: select count(n1_0.id) from notifications n1_0 where n1_0.user_id=? and n1_0.is_read=?
2026-07-10T13:38:05.649+05:30  INFO 113170 --- [notification-service] [nio-8085-exec-6] c.e.n.aop.LoggingAspect                  : Method com.example.notificationservice.service.NotificationService.getUnreadCount() executed in 1 ms
2026-07-10T13:38:05.650+05:30  INFO 113170 --- [notification-service] [nio-8085-exec-6] c.e.n.aop.LoggingAspect                  : Method com.example.notificationservice.controller.NotificationController.getUnreadCount() executed in 2 ms
2026-07-10T13:38:10.337+05:30  INFO 113170 --- [notification-service] [nio-8085-exec-8] c.e.n.aop.LoggingAspect                  : API Called: com.example.notificationservice.controller.NotificationController.getUnreadCount()
Hibernate: select count(n1_0.id) from notifications n1_0 where n1_0.user_id=? and n1_0.is_read=?
2026-07-10T13:38:10.339+05:30  INFO 113170 --- [notification-service] [nio-8085-exec-8] c.e.n.aop.LoggingAspect                  : Method com.example.notificationservice.service.NotificationService.getUnreadCount() executed in 0 ms
2026-07-10T13:38:10.339+05:30  INFO 113170 --- [notification-service] [nio-8085-exec-8] c.e.n.aop.LoggingAspect                  : Method com.example.notificationservice.controller.NotificationController.getUnreadCount() executed in 2 ms
2026-07-10T13:38:11.651+05:30  INFO 113170 --- [notification-service] [nio-8085-exec-7] c.e.n.aop.LoggingAspect                  : API Called: com.example.notificationservice.controller.NotificationController.getUnreadCount()
Hibernate: select count(n1_0.id) from notifications n1_0 where n1_0.user_id=? and n1_0.is_read=?
2026-07-10T13:38:11.653+05:30  INFO 113170 --- [notification-service] [nio-8085-exec-7] c.e.n.aop.LoggingAspect                  : Method com.example.notificationservice.service.NotificationService.getUnreadCount() executed in 1 ms
2026-07-10T13:38:11.653+05:30  INFO 113170 --- [notification-service] [nio-8085-exec-7] c.e.n.aop.LoggingAspect                  : Method com.example.notificationservice.controller.NotificationController.getUnreadCount() executed in 2 ms
2026-07-10T13:38:30.585+05:30  INFO 113170 --- [notification-service] [nio-8085-exec-9] c.e.n.aop.LoggingAspect                  : API Called: com.example.notificationservice.controller.NotificationController.getUnreadCount()
Hibernate: select count(n1_0.id) from notifications n1_0 where n1_0.user_id=? and n1_0.is_read=?
2026-07-10T13:38:30.587+05:30  INFO 113170 --- [notification-service] [nio-8085-exec-9] c.e.n.aop.LoggingAspect                  : Method com.example.notificationservice.service.NotificationService.getUnreadCount() executed in 2 ms
2026-07-10T13:38:30.587+05:30  INFO 113170 --- [notification-service] [nio-8085-exec-9] c.e.n.aop.LoggingAspect                  : Method com.example.notificationservice.controller.NotificationController.getUnreadCount() executed in 2 ms
2026-07-10T13:38:36.818+05:30  INFO 113170 --- [notification-service] [io-8085-exec-10] c.e.n.aop.LoggingAspect                  : API Called: com.example.notificationservice.controller.NotificationController.getUnreadCount()
Hibernate: select count(n1_0.id) from notifications n1_0 where n1_0.user_id=? and n1_0.is_read=?
2026-07-10T13:38:36.820+05:30  INFO 113170 --- [notification-service] [io-8085-exec-10] c.e.n.aop.LoggingAspect                  : Method com.example.notificationservice.service.NotificationService.getUnreadCount() executed in 1 ms
2026-07-10T13:38:36.820+05:30  INFO 113170 --- [notification-service] [io-8085-exec-10] c.e.n.aop.LoggingAspect                  : Method com.example.notificationservice.controller.NotificationController.getUnreadCount() executed in 2 ms
2026-07-10T13:38:38.166+05:30  INFO 113170 --- [notification-service] [nio-8085-exec-1] c.e.n.aop.LoggingAspect                  : API Called: com.example.notificationservice.controller.NotificationController.getUnreadCount()
Hibernate: select count(n1_0.id) from notifications n1_0 where n1_0.user_id=? and n1_0.is_read=?
2026-07-10T13:38:38.167+05:30  INFO 113170 --- [notification-service] [nio-8085-exec-1] c.e.n.aop.LoggingAspect                  : Method com.example.notificationservice.service.NotificationService.getUnreadCount() executed in 1 ms
2026-07-10T13:38:38.167+05:30  INFO 113170 --- [notification-service] [nio-8085-exec-1] c.e.n.aop.LoggingAspect                  : Method com.example.notificationservice.controller.NotificationController.getUnreadCount() executed in 1 ms
2026-07-10T13:38:39.997+05:30  INFO 113170 --- [notification-service] [nio-8085-exec-2] c.e.n.aop.LoggingAspect                  : API Called: com.example.notificationservice.controller.NotificationController.getUnreadCount()
Hibernate: select count(n1_0.id) from notifications n1_0 where n1_0.user_id=? and n1_0.is_read=?
2026-07-10T13:38:39.999+05:30  INFO 113170 --- [notification-service] [nio-8085-exec-2] c.e.n.aop.LoggingAspect                  : Method com.example.notificationservice.service.NotificationService.getUnreadCount() executed in 1 ms
2026-07-10T13:38:39.999+05:30  INFO 113170 --- [notification-service] [nio-8085-exec-2] c.e.n.aop.LoggingAspect                  : Method com.example.notificationservice.controller.NotificationController.getUnreadCount() executed in 2 ms
2026-07-10T13:38:41.326+05:30  INFO 113170 --- [notification-service] [nio-8085-exec-3] c.e.n.aop.LoggingAspect                  : API Called: com.example.notificationservice.controller.NotificationController.getUnreadCount()
Hibernate: select count(n1_0.id) from notifications n1_0 where n1_0.user_id=? and n1_0.is_read=?
2026-07-10T13:38:41.327+05:30  INFO 113170 --- [notification-service] [nio-8085-exec-3] c.e.n.aop.LoggingAspect                  : Method com.example.notificationservice.service.NotificationService.getUnreadCount() executed in 1 ms
2026-07-10T13:38:41.327+05:30  INFO 113170 --- [notification-service] [nio-8085-exec-3] c.e.n.aop.LoggingAspect                  : Method com.example.notificationservice.controller.NotificationController.getUnreadCount() executed in 1 ms
2026-07-10T13:41:16.041+05:30  INFO 113170 --- [notification-service] [rap-executor-%d] c.n.d.s.r.aws.ConfigClusterResolver      : Resolving eureka endpoints via configuration
2026-07-10T13:46:16.041+05:30  INFO 113170 --- [notification-service] [rap-executor-%d] c.n.d.s.r.aws.ConfigClusterResolver      : Resolving eureka endpoints via configuration
