[INFO] Scanning for projects...
[INFO] 
[INFO] ----------------------< com.example:user-service >----------------------
[INFO] Building user-service 0.0.1-SNAPSHOT
[INFO]   from pom.xml
[INFO] --------------------------------[ jar ]---------------------------------
[INFO] 
[INFO] >>> spring-boot:4.1.0:run (default-cli) > test-compile @ user-service >>>
[INFO] 
[INFO] --- resources:3.5.0:resources (default-resources) @ user-service ---
[INFO] Copying 1 resource from src/main/resources to target/classes
[INFO] Copying 0 resource from src/main/resources to target/classes
[INFO] 
[INFO] --- compiler:3.15.0:compile (default-compile) @ user-service ---
[INFO] Nothing to compile - all classes are up to date.
[INFO] 
[INFO] --- resources:3.5.0:testResources (default-testResources) @ user-service ---
[INFO] skip non existing resourceDirectory /home/kavy/Documents/CampusTrace/user-service/src/test/resources
[INFO] 
[INFO] --- compiler:3.15.0:testCompile (default-testCompile) @ user-service ---
[INFO] Nothing to compile - all classes are up to date.
[INFO] 
[INFO] <<< spring-boot:4.1.0:run (default-cli) < test-compile @ user-service <<<
[INFO] 
[INFO] 
[INFO] --- spring-boot:4.1.0:run (default-cli) @ user-service ---
[INFO] Attaching agents: []

  .   ____          _            __ _ _
 /\\ / ___'_ __ _ _(_)_ __  __ _ \ \ \ \
( ( )\___ | '_ | '_| | '_ \/ _` | \ \ \ \
 \\/  ___)| |_)| | | | | || (_| |  ) ) ) )
  '  |____| .__|_| |_|_| |_\__, | / / / /
 =========|_|==============|___/=/_/_/_/

 :: Spring Boot ::                (v4.1.0)

2026-07-10T12:49:36.294+05:30  INFO 113234 --- [user-service] [           main] c.e.userservice.UserServiceApplication   : Starting UserServiceApplication using Java 17.0.19 with PID 113234 (/home/kavy/Documents/CampusTrace/user-service/target/classes started by kavy in /home/kavy/Documents/CampusTrace/user-service)
2026-07-10T12:49:36.303+05:30  INFO 113234 --- [user-service] [           main] c.e.userservice.UserServiceApplication   : No active profile set, falling back to 1 default profile: "default"
2026-07-10T12:49:37.531+05:30  INFO 113234 --- [user-service] [           main] .s.d.r.c.RepositoryConfigurationDelegate : Bootstrapping Spring Data JPA repositories in DEFAULT mode.
2026-07-10T12:49:37.718+05:30  INFO 113234 --- [user-service] [           main] .s.d.r.c.RepositoryConfigurationDelegate : Finished Spring Data repository scanning in 176 ms. Found 1 JPA repository interface.
2026-07-10T12:49:38.226+05:30  INFO 113234 --- [user-service] [           main] o.s.cloud.context.scope.GenericScope     : BeanFactory id=2a2143d2-0917-3903-81a7-ed22658d4d42
2026-07-10T12:49:38.873+05:30  INFO 113234 --- [user-service] [           main] o.s.boot.tomcat.TomcatWebServer          : Tomcat initialized with port 8081 (http)
2026-07-10T12:49:38.890+05:30  INFO 113234 --- [user-service] [           main] o.apache.catalina.core.StandardService   : Starting service [Tomcat]
2026-07-10T12:49:38.891+05:30  INFO 113234 --- [user-service] [           main] o.apache.catalina.core.StandardEngine    : Starting Servlet engine: [Apache Tomcat/11.0.22]
2026-07-10T12:49:38.951+05:30  INFO 113234 --- [user-service] [           main] b.w.c.s.WebApplicationContextInitializer : Root WebApplicationContext: initialization completed in 2559 ms
2026-07-10T12:49:39.354+05:30  INFO 113234 --- [user-service] [           main] org.hibernate.orm.jpa                    : HHH008540: Processing PersistenceUnitInfo [name: default]
2026-07-10T12:49:39.413+05:30  INFO 113234 --- [user-service] [           main] org.hibernate.orm.core                   : HHH000001: Hibernate ORM core version 7.4.1.Final
2026-07-10T12:49:39.751+05:30  INFO 113234 --- [user-service] [           main] o.s.o.j.p.SpringPersistenceUnitInfo      : No LoadTimeWeaver setup: ignoring JPA class transformer
2026-07-10T12:49:39.776+05:30  INFO 113234 --- [user-service] [           main] com.zaxxer.hikari.HikariDataSource       : HikariPool-1 - Starting...
2026-07-10T12:49:39.921+05:30  INFO 113234 --- [user-service] [           main] com.zaxxer.hikari.pool.HikariPool        : HikariPool-1 - Added connection conn0: url=jdbc:h2:mem:userdb user=SA
2026-07-10T12:49:39.922+05:30  INFO 113234 --- [user-service] [           main] com.zaxxer.hikari.HikariDataSource       : HikariPool-1 - Start completed.
2026-07-10T12:49:39.942+05:30  WARN 113234 --- [user-service] [           main] org.hibernate.orm.deprecation            : HHH90000025: H2Dialect does not need to be specified explicitly using 'hibernate.dialect' (remove the property setting and it will be selected by default)
2026-07-10T12:49:39.965+05:30  INFO 113234 --- [user-service] [           main] org.hibernate.orm.connections.pooling    : HHH10001005: Database info:
	Database JDBC URL [jdbc:h2:mem:userdb]
	Database driver: H2 JDBC Driver
	Database dialect: H2Dialect
	Database version: 2.4.240
	Default catalog/schema: USERDB/PUBLIC
	Autocommit mode: undefined/unknown
	Isolation level: READ_COMMITTED [default READ_COMMITTED]
	JDBC fetch size: 100
	Pool: DataSourceConnectionProvider
	Minimum pool size: undefined/unknown
	Maximum pool size: undefined/unknown
2026-07-10T12:49:40.798+05:30  INFO 113234 --- [user-service] [           main] org.hibernate.orm.core                   : HHH000489: No JTA platform available (set 'hibernate.transaction.jta.platform' to enable JTA platform integration)
Hibernate: create table users (id bigint generated by default as identity, created_at timestamp(6) not null, email varchar(255) not null, full_name varchar(255) not null, password varchar(255) not null, role varchar(255) not null, username varchar(255) not null, primary key (id))
Hibernate: alter table if exists users drop constraint if exists UK6dotkott2kjsp8vw4d0m25fb7
Hibernate: alter table if exists users add constraint UK6dotkott2kjsp8vw4d0m25fb7 unique (email)
Hibernate: alter table if exists users drop constraint if exists UKr43af9ap4edm43mmtq01oddj6
Hibernate: alter table if exists users add constraint UKr43af9ap4edm43mmtq01oddj6 unique (username)
2026-07-10T12:49:40.883+05:30  INFO 113234 --- [user-service] [           main] j.LocalContainerEntityManagerFactoryBean : Initialized JPA EntityManagerFactory for persistence unit 'default'
2026-07-10T12:49:41.118+05:30  INFO 113234 --- [user-service] [           main] o.s.d.j.r.query.QueryEnhancerFactories   : Hibernate is in classpath; If applicable, HQL parser will be used.
2026-07-10T12:49:41.408+05:30  WARN 113234 --- [user-service] [           main] JpaBaseConfiguration$JpaWebConfiguration : spring.jpa.open-in-view is enabled by default. Therefore, database queries may be performed during view rendering. Explicitly configure spring.jpa.open-in-view to disable this warning
2026-07-10T12:49:41.579+05:30  INFO 113234 --- [user-service] [           main] r$InitializeUserDetailsManagerConfigurer : Global AuthenticationManager configured with UserDetailsService bean with name customUserDetailsService
2026-07-10T12:49:42.018+05:30  WARN 113234 --- [user-service] [           main] ion$DefaultTemplateResolverConfiguration : Cannot find template location: classpath:/templates/ (please add some templates, check your Thymeleaf configuration, or set spring.thymeleaf.check-template-location=false)
2026-07-10T12:49:42.587+05:30  INFO 113234 --- [user-service] [           main] DiscoveryClientOptionalArgsConfiguration : Eureka HTTP Client uses RestClient.
2026-07-10T12:49:42.646+05:30  WARN 113234 --- [user-service] [           main] iguration$LoadBalancerCaffeineWarnLogger : Spring Cloud LoadBalancer is currently working with the default cache. While this cache implementation is useful for development and tests, it's recommended to use Caffeine cache in production.You can switch to using Caffeine cache, by adding it and org.springframework.cache.caffeine.CaffeineCacheManager to the classpath.
2026-07-10T12:49:42.653+05:30  INFO 113234 --- [user-service] [           main] o.s.b.a.e.web.EndpointLinksResolver      : Exposing 3 endpoints beneath base path '/actuator'
2026-07-10T12:49:42.741+05:30  INFO 113234 --- [user-service] [           main] o.s.c.n.eureka.InstanceInfoFactory       : Setting initial instance status as: STARTING
2026-07-10T12:49:42.760+05:30  INFO 113234 --- [user-service] [           main] com.netflix.discovery.DiscoveryClient    : Initializing Eureka in region us-east-1
2026-07-10T12:49:42.763+05:30  INFO 113234 --- [user-service] [           main] c.n.d.s.r.aws.ConfigClusterResolver      : Resolving eureka endpoints via configuration
2026-07-10T12:49:42.771+05:30  INFO 113234 --- [user-service] [           main] com.netflix.discovery.DiscoveryClient    : Disable delta property : false
2026-07-10T12:49:42.772+05:30  INFO 113234 --- [user-service] [           main] com.netflix.discovery.DiscoveryClient    : Single vip registry refresh property : null
2026-07-10T12:49:42.772+05:30  INFO 113234 --- [user-service] [           main] com.netflix.discovery.DiscoveryClient    : Force full registry fetch : false
2026-07-10T12:49:42.772+05:30  INFO 113234 --- [user-service] [           main] com.netflix.discovery.DiscoveryClient    : Application is null : false
2026-07-10T12:49:42.772+05:30  INFO 113234 --- [user-service] [           main] com.netflix.discovery.DiscoveryClient    : Registered Applications size is zero : true
2026-07-10T12:49:42.772+05:30  INFO 113234 --- [user-service] [           main] com.netflix.discovery.DiscoveryClient    : Application version is -1: true
2026-07-10T12:49:42.772+05:30  INFO 113234 --- [user-service] [           main] com.netflix.discovery.DiscoveryClient    : Getting all instance registry info from the eureka server
2026-07-10T12:49:43.105+05:30  INFO 113234 --- [user-service] [           main] com.netflix.discovery.DiscoveryClient    : The response status is 200
2026-07-10T12:49:43.106+05:30  INFO 113234 --- [user-service] [           main] com.netflix.discovery.DiscoveryClient    : Starting heartbeat executor: renew interval is: 30
2026-07-10T12:49:43.108+05:30  INFO 113234 --- [user-service] [           main] c.n.discovery.InstanceInfoReplicator     : InstanceInfoReplicator onDemand update allowed rate per min is 4
2026-07-10T12:49:43.109+05:30  INFO 113234 --- [user-service] [           main] com.netflix.discovery.DiscoveryClient    : Discovery Client initialized at timestamp 1783667983108 with initial instances count: 0
2026-07-10T12:49:43.116+05:30  INFO 113234 --- [user-service] [           main] o.s.c.n.e.s.EurekaServiceRegistry        : Registering application USER-SERVICE with eureka with status UP
2026-07-10T12:49:43.117+05:30  INFO 113234 --- [user-service] [           main] com.netflix.discovery.DiscoveryClient    : Saw local status change event StatusChangeEvent [timestamp=1783667983117, current=UP, previous=STARTING]
2026-07-10T12:49:43.118+05:30  INFO 113234 --- [user-service] [foReplicator-%d] com.netflix.discovery.DiscoveryClient    : DiscoveryClient_USER-SERVICE/KavyPC:user-service:8081: registering service...
2026-07-10T12:49:43.133+05:30  INFO 113234 --- [user-service] [           main] o.s.boot.tomcat.TomcatWebServer          : Tomcat started on port 8081 (http) with context path '/'
2026-07-10T12:49:43.134+05:30  INFO 113234 --- [user-service] [           main] .s.c.n.e.s.EurekaAutoServiceRegistration : Updating port to 8081
2026-07-10T12:49:43.156+05:30  INFO 113234 --- [user-service] [foReplicator-%d] com.netflix.discovery.DiscoveryClient    : DiscoveryClient_USER-SERVICE/KavyPC:user-service:8081 - registration status: 204
2026-07-10T12:49:43.220+05:30  INFO 113234 --- [user-service] [           main] c.e.userservice.UserServiceApplication   : Started UserServiceApplication in 7.631 seconds (process running for 8.175)
2026-07-10T12:50:13.106+05:30  INFO 113234 --- [user-service] [reshExecutor-%d] com.netflix.discovery.DiscoveryClient    : Disable delta property : false
2026-07-10T12:50:13.106+05:30  INFO 113234 --- [user-service] [reshExecutor-%d] com.netflix.discovery.DiscoveryClient    : Single vip registry refresh property : null
2026-07-10T12:50:13.107+05:30  INFO 113234 --- [user-service] [reshExecutor-%d] com.netflix.discovery.DiscoveryClient    : Force full registry fetch : false
2026-07-10T12:50:13.107+05:30  INFO 113234 --- [user-service] [reshExecutor-%d] com.netflix.discovery.DiscoveryClient    : Application is null : false
2026-07-10T12:50:13.107+05:30  INFO 113234 --- [user-service] [reshExecutor-%d] com.netflix.discovery.DiscoveryClient    : Registered Applications size is zero : true
2026-07-10T12:50:13.107+05:30  INFO 113234 --- [user-service] [reshExecutor-%d] com.netflix.discovery.DiscoveryClient    : Application version is -1: false
2026-07-10T12:50:13.107+05:30  INFO 113234 --- [user-service] [reshExecutor-%d] com.netflix.discovery.DiscoveryClient    : Getting all instance registry info from the eureka server
2026-07-10T12:50:13.119+05:30  INFO 113234 --- [user-service] [reshExecutor-%d] com.netflix.discovery.DiscoveryClient    : The response status is 200
2026-07-10T12:53:05.648+05:30  INFO 113234 --- [user-service] [nio-8081-exec-1] o.a.c.c.C.[Tomcat].[localhost].[/]       : Initializing Spring DispatcherServlet 'dispatcherServlet'
2026-07-10T12:53:05.649+05:30  INFO 113234 --- [user-service] [nio-8081-exec-1] o.s.web.servlet.DispatcherServlet        : Initializing Servlet 'dispatcherServlet'
2026-07-10T12:53:05.650+05:30  INFO 113234 --- [user-service] [nio-8081-exec-1] o.s.web.servlet.DispatcherServlet        : Completed initialization in 1 ms
2026-07-10T12:53:05.757+05:30  INFO 113234 --- [user-service] [nio-8081-exec-1] c.example.userservice.aop.LoggingAspect  : API Called: com.example.userservice.controller.AuthController.register()
Hibernate: select u1_0.id from users u1_0 where u1_0.username=? fetch first ? rows only
Hibernate: select u1_0.id from users u1_0 where u1_0.email=? fetch first ? rows only
Hibernate: insert into users (created_at,email,full_name,password,role,username,id) values (?,?,?,?,?,?,default)
2026-07-10T12:53:06.191+05:30  INFO 113234 --- [user-service] [nio-8081-exec-1] c.example.userservice.aop.LoggingAspect  : Method com.example.userservice.service.UserService.register() executed in 434 ms
2026-07-10T12:53:06.191+05:30  INFO 113234 --- [user-service] [nio-8081-exec-1] c.example.userservice.aop.LoggingAspect  : Method com.example.userservice.controller.AuthController.register() executed in 435 ms
2026-07-10T12:54:42.774+05:30  INFO 113234 --- [user-service] [rap-executor-%d] c.n.d.s.r.aws.ConfigClusterResolver      : Resolving eureka endpoints via configuration
2026-07-10T13:36:16.335+05:30  INFO 113234 --- [user-service] [rap-executor-%d] c.n.d.s.r.aws.ConfigClusterResolver      : Resolving eureka endpoints via configuration
2026-07-10T13:41:16.335+05:30  INFO 113234 --- [user-service] [rap-executor-%d] c.n.d.s.r.aws.ConfigClusterResolver      : Resolving eureka endpoints via configuration
2026-07-10T13:46:16.336+05:30  INFO 113234 --- [user-service] [rap-executor-%d] c.n.d.s.r.aws.ConfigClusterResolver      : Resolving eureka endpoints via configuration
2026-07-10T13:51:16.336+05:30  INFO 113234 --- [user-service] [rap-executor-%d] c.n.d.s.r.aws.ConfigClusterResolver      : Resolving eureka endpoints via configuration
2026-07-10T13:56:16.336+05:30  INFO 113234 --- [user-service] [rap-executor-%d] c.n.d.s.r.aws.ConfigClusterResolver      : Resolving eureka endpoints via configuration
2026-07-10T14:01:16.337+05:30  INFO 113234 --- [user-service] [rap-executor-%d] c.n.d.s.r.aws.ConfigClusterResolver      : Resolving eureka endpoints via configuration
2026-07-10T14:06:16.338+05:30  INFO 113234 --- [user-service] [rap-executor-%d] c.n.d.s.r.aws.ConfigClusterResolver      : Resolving eureka endpoints via configuration
2026-07-10T14:11:16.338+05:30  INFO 113234 --- [user-service] [rap-executor-%d] c.n.d.s.r.aws.ConfigClusterResolver      : Resolving eureka endpoints via configuration
2026-07-10T14:16:16.339+05:30  INFO 113234 --- [user-service] [rap-executor-%d] c.n.d.s.r.aws.ConfigClusterResolver      : Resolving eureka endpoints via configuration
2026-07-10T14:21:16.339+05:30  INFO 113234 --- [user-service] [rap-executor-%d] c.n.d.s.r.aws.ConfigClusterResolver      : Resolving eureka endpoints via configuration
2026-07-10T14:26:16.340+05:30  INFO 113234 --- [user-service] [rap-executor-%d] c.n.d.s.r.aws.ConfigClusterResolver      : Resolving eureka endpoints via configuration
2026-07-10T14:31:16.340+05:30  INFO 113234 --- [user-service] [rap-executor-%d] c.n.d.s.r.aws.ConfigClusterResolver      : Resolving eureka endpoints via configuration
2026-07-10T14:36:16.341+05:30  INFO 113234 --- [user-service] [rap-executor-%d] c.n.d.s.r.aws.ConfigClusterResolver      : Resolving eureka endpoints via configuration
2026-07-10T14:41:16.341+05:30  INFO 113234 --- [user-service] [rap-executor-%d] c.n.d.s.r.aws.ConfigClusterResolver      : Resolving eureka endpoints via configuration
2026-07-10T14:46:16.342+05:30  INFO 113234 --- [user-service] [rap-executor-%d] c.n.d.s.r.aws.ConfigClusterResolver      : Resolving eureka endpoints via configuration
2026-07-10T14:51:16.342+05:30  INFO 113234 --- [user-service] [rap-executor-%d] c.n.d.s.r.aws.ConfigClusterResolver      : Resolving eureka endpoints via configuration
2026-07-10T14:56:16.343+05:30  INFO 113234 --- [user-service] [rap-executor-%d] c.n.d.s.r.aws.ConfigClusterResolver      : Resolving eureka endpoints via configuration
2026-07-10T15:01:16.343+05:30  INFO 113234 --- [user-service] [rap-executor-%d] c.n.d.s.r.aws.ConfigClusterResolver      : Resolving eureka endpoints via configuration
2026-07-10T15:06:16.344+05:30  INFO 113234 --- [user-service] [rap-executor-%d] c.n.d.s.r.aws.ConfigClusterResolver      : Resolving eureka endpoints via configuration
2026-07-10T15:11:16.345+05:30  INFO 113234 --- [user-service] [rap-executor-%d] c.n.d.s.r.aws.ConfigClusterResolver      : Resolving eureka endpoints via configuration
2026-07-10T15:16:16.345+05:30  INFO 113234 --- [user-service] [rap-executor-%d] c.n.d.s.r.aws.ConfigClusterResolver      : Resolving eureka endpoints via configuration
2026-07-10T15:21:16.346+05:30  INFO 113234 --- [user-service] [rap-executor-%d] c.n.d.s.r.aws.ConfigClusterResolver      : Resolving eureka endpoints via configuration
2026-07-10T15:26:16.346+05:30  INFO 113234 --- [user-service] [rap-executor-%d] c.n.d.s.r.aws.ConfigClusterResolver      : Resolving eureka endpoints via configuration
2026-07-10T15:31:16.347+05:30  INFO 113234 --- [user-service] [rap-executor-%d] c.n.d.s.r.aws.ConfigClusterResolver      : Resolving eureka endpoints via configuration
2026-07-10T15:36:16.347+05:30  INFO 113234 --- [user-service] [rap-executor-%d] c.n.d.s.r.aws.ConfigClusterResolver      : Resolving eureka endpoints via configuration
2026-07-10T15:41:16.347+05:30  INFO 113234 --- [user-service] [rap-executor-%d] c.n.d.s.r.aws.ConfigClusterResolver      : Resolving eureka endpoints via configuration
2026-07-10T15:46:16.348+05:30  INFO 113234 --- [user-service] [rap-executor-%d] c.n.d.s.r.aws.ConfigClusterResolver      : Resolving eureka endpoints via configuration
2026-07-10T15:51:16.348+05:30  INFO 113234 --- [user-service] [rap-executor-%d] c.n.d.s.r.aws.ConfigClusterResolver      : Resolving eureka endpoints via configuration
